[1.701s] DEBUG:colcon:Command line arguments: ['/usr/bin/colcon', 'build', '--symlink-install']
[1.703s] DEBUG:colcon:Parsed command line arguments: Namespace(log_base=None, log_level=None, verb_name='build', build_base='build', install_base='install', merge_install=False, symlink_install=True, test_result_base=None, continue_on_error=False, executor='parallel', parallel_workers=16, event_handlers=None, ignore_user_meta=False, metas=['./colcon.meta'], base_paths=['.'], packages_ignore=None, packages_ignore_regex=None, paths=None, packages_up_to=None, packages_up_to_regex=None, packages_above=None, packages_above_and_dependencies=None, packages_above_depth=None, packages_select_by_dep=None, packages_skip_by_dep=None, packages_skip_up_to=None, packages_select_build_failed=False, packages_skip_build_finished=False, packages_select_test_failures=False, packages_skip_test_passed=False, packages_select=None, packages_skip=None, packages_select_regex=None, packages_skip_regex=None, packages_start=None, packages_end=None, allow_overriding=[], cmake_args=None, cmake_target=None, cmake_target_skip_unavailable=False, cmake_clean_cache=False, cmake_clean_first=False, cmake_force_configure=False, ament_cmake_args=None, catkin_cmake_args=None, catkin_skip_building_tests=False, verb_parser=<colcon_defaults.argument_parser.defaults.DefaultArgumentsDecorator object at 0x768ecf66e3e0>, verb_extension=<colcon_core.verb.build.BuildVerb object at 0x768ecf66d5a0>, main=<bound method BuildVerb.main of <colcon_core.verb.build.BuildVerb object at 0x768ecf66d5a0>>)
[2.043s] Level 1:colcon.colcon_core.package_discovery:discover_packages(colcon_meta) check parameters
[2.046s] Level 1:colcon.colcon_core.package_discovery:discover_packages(recursive) check parameters
[2.047s] Level 1:colcon.colcon_core.package_discovery:discover_packages(ignore) check parameters
[2.048s] Level 1:colcon.colcon_core.package_discovery:discover_packages(path) check parameters
[2.049s] Level 1:colcon.colcon_core.package_discovery:discover_packages(colcon_meta) discover
[2.050s] Level 1:colcon.colcon_core.package_discovery:discover_packages(recursive) discover
[2.052s] INFO:colcon.colcon_core.package_discovery:Crawling recursively for packages in '/mnt/d/IMAV_2017_Virtual_Challenge'
[2.064s] Level 1:colcon.colcon_core.package_identification:_identify(.) by extensions ['ignore', 'ignore_ament_install']
[2.065s] Level 1:colcon.colcon_core.package_identification:_identify(.) by extension 'ignore'
[2.067s] Level 1:colcon.colcon_core.package_identification:_identify(.) by extension 'ignore_ament_install'
[2.071s] Level 1:colcon.colcon_core.package_identification:_identify(.) by extensions ['colcon_pkg']
[2.072s] Level 1:colcon.colcon_core.package_identification:_identify(.) by extension 'colcon_pkg'
[2.074s] Level 1:colcon.colcon_core.package_identification:_identify(.) by extensions ['colcon_meta']
[2.075s] Level 1:colcon.colcon_core.package_identification:_identify(.) by extension 'colcon_meta'
[2.076s] Level 1:colcon.colcon_core.package_identification:_identify(.) by extensions ['ros']
[2.077s] Level 1:colcon.colcon_core.package_identification:_identify(.) by extension 'ros'
[2.134s] DEBUG:colcon.colcon_core.package_identification:Package '.' with type 'ros.ament_cmake' and name 'imav_2017'
[2.135s] Level 1:colcon.colcon_core.package_discovery:discover_packages(recursive) using defaults
[2.136s] Level 1:colcon.colcon_core.package_discovery:discover_packages(ignore) discover
[2.137s] Level 1:colcon.colcon_core.package_discovery:discover_packages(ignore) using defaults
[2.138s] Level 1:colcon.colcon_core.package_discovery:discover_packages(path) discover
[2.139s] Level 1:colcon.colcon_core.package_discovery:discover_packages(path) using defaults
[2.238s] Level 1:colcon.colcon_core.package_discovery:discover_packages(prefix_path) check parameters
[2.239s] Level 1:colcon.colcon_core.package_discovery:discover_packages(prefix_path) discover
[2.251s] DEBUG:colcon.colcon_installed_package_information.package_discovery:Found 295 installed packages in /opt/ros/humble
[2.260s] Level 1:colcon.colcon_core.package_discovery:discover_packages(prefix_path) using defaults
[2.475s] Level 5:colcon.colcon_core.verb:set package 'imav_2017' build argument 'cmake_args' from command line to 'None'
[2.476s] Level 5:colcon.colcon_core.verb:set package 'imav_2017' build argument 'cmake_target' from command line to 'None'
[2.477s] Level 5:colcon.colcon_core.verb:set package 'imav_2017' build argument 'cmake_target_skip_unavailable' from command line to 'False'
[2.478s] Level 5:colcon.colcon_core.verb:set package 'imav_2017' build argument 'cmake_clean_cache' from command line to 'False'
[2.479s] Level 5:colcon.colcon_core.verb:set package 'imav_2017' build argument 'cmake_clean_first' from command line to 'False'
[2.480s] Level 5:colcon.colcon_core.verb:set package 'imav_2017' build argument 'cmake_force_configure' from command line to 'False'
[2.481s] Level 5:colcon.colcon_core.verb:set package 'imav_2017' build argument 'ament_cmake_args' from command line to 'None'
[2.482s] Level 5:colcon.colcon_core.verb:set package 'imav_2017' build argument 'catkin_cmake_args' from command line to 'None'
[2.483s] Level 5:colcon.colcon_core.verb:set package 'imav_2017' build argument 'catkin_skip_building_tests' from command line to 'False'
[2.484s] DEBUG:colcon.colcon_core.verb:Building package 'imav_2017' with the following arguments: {'ament_cmake_args': None, 'build_base': '/mnt/d/IMAV_2017_Virtual_Challenge/build/imav_2017', 'catkin_cmake_args': None, 'catkin_skip_building_tests': False, 'cmake_args': None, 'cmake_clean_cache': False, 'cmake_clean_first': False, 'cmake_force_configure': False, 'cmake_target': None, 'cmake_target_skip_unavailable': False, 'install_base': '/mnt/d/IMAV_2017_Virtual_Challenge/install/imav_2017', 'merge_install': False, 'path': '/mnt/d/IMAV_2017_Virtual_Challenge', 'symlink_install': True, 'test_result_base': None}
[2.486s] INFO:colcon.colcon_core.executor:Executing jobs using 'parallel' executor
[2.491s] DEBUG:colcon.colcon_parallel_executor.executor.parallel:run_until_complete
[2.493s] INFO:colcon.colcon_ros.task.ament_cmake.build:Building ROS package in '/mnt/d/IMAV_2017_Virtual_Challenge' with build type 'ament_cmake'
[2.494s] INFO:colcon.colcon_cmake.task.cmake.build:Building CMake package in '/mnt/d/IMAV_2017_Virtual_Challenge'
[2.507s] INFO:colcon.colcon_core.plugin_system:Skipping extension 'colcon_core.shell.bat': Not used on non-Windows systems
[2.509s] INFO:colcon.colcon_core.shell:Skip shell extension 'powershell' for command environment: Not usable outside of PowerShell
[2.510s] DEBUG:colcon.colcon_core.shell:Skip shell extension 'dsv' for command environment
[2.768s] DEBUG:colcon.colcon_core.event_handler.log_command:Invoking command in '/mnt/d/IMAV_2017_Virtual_Challenge/build/imav_2017': CMAKE_PREFIX_PATH=/opt/ros/humble /usr/bin/cmake --build /mnt/d/IMAV_2017_Virtual_Challenge/build/imav_2017 -- -j16 -l16
[3.188s] DEBUG:colcon.colcon_core.event_handler.log_command:Invoked command in '/mnt/d/IMAV_2017_Virtual_Challenge/build/imav_2017' returned '0': CMAKE_PREFIX_PATH=/opt/ros/humble /usr/bin/cmake --build /mnt/d/IMAV_2017_Virtual_Challenge/build/imav_2017 -- -j16 -l16
[3.338s] DEBUG:colcon.colcon_core.event_handler.log_command:Invoking command in '/mnt/d/IMAV_2017_Virtual_Challenge/build/imav_2017': CMAKE_PREFIX_PATH=/opt/ros/humble /usr/bin/cmake --install /mnt/d/IMAV_2017_Virtual_Challenge/build/imav_2017
[16.592s] Level 1:colcon.colcon_core.environment:create_environment_scripts_only(imav_2017)
[16.599s] DEBUG:colcon.colcon_core.event_handler.log_command:Invoked command in '/mnt/d/IMAV_2017_Virtual_Challenge/build/imav_2017' returned '0': CMAKE_PREFIX_PATH=/opt/ros/humble /usr/bin/cmake --install /mnt/d/IMAV_2017_Virtual_Challenge/build/imav_2017
[16.607s] Level 1:colcon.colcon_core.environment:checking '/mnt/d/IMAV_2017_Virtual_Challenge/install/imav_2017' for CMake module files
[17.224s] Level 1:colcon.colcon_core.environment:checking '/mnt/d/IMAV_2017_Virtual_Challenge/install/imav_2017' for CMake config files
[17.764s] Level 1:colcon.colcon_core.shell:create_environment_hook('imav_2017', 'cmake_prefix_path')
[17.766s] INFO:colcon.colcon_core.shell:Creating environment hook '/mnt/d/IMAV_2017_Virtual_Challenge/install/imav_2017/share/imav_2017/hook/cmake_prefix_path.ps1'
[17.842s] INFO:colcon.colcon_core.shell:Creating environment descriptor '/mnt/d/IMAV_2017_Virtual_Challenge/install/imav_2017/share/imav_2017/hook/cmake_prefix_path.dsv'
[17.915s] INFO:colcon.colcon_core.shell:Creating environment hook '/mnt/d/IMAV_2017_Virtual_Challenge/install/imav_2017/share/imav_2017/hook/cmake_prefix_path.sh'
[18.005s] Level 1:colcon.colcon_core.environment:checking '/mnt/d/IMAV_2017_Virtual_Challenge/install/imav_2017/lib'
[18.028s] Level 1:colcon.colcon_core.environment:checking '/mnt/d/IMAV_2017_Virtual_Challenge/install/imav_2017/bin'
[18.035s] Level 1:colcon.colcon_core.environment:checking '/mnt/d/IMAV_2017_Virtual_Challenge/install/imav_2017/lib/pkgconfig/imav_2017.pc'
[18.044s] Level 1:colcon.colcon_core.environment:checking '/mnt/d/IMAV_2017_Virtual_Challenge/install/imav_2017/lib/python3.10/site-packages'
[18.055s] Level 1:colcon.colcon_core.environment:checking '/mnt/d/IMAV_2017_Virtual_Challenge/install/imav_2017/bin'
[18.063s] INFO:colcon.colcon_core.shell:Creating package script '/mnt/d/IMAV_2017_Virtual_Challenge/install/imav_2017/share/imav_2017/package.ps1'
[18.126s] INFO:colcon.colcon_core.shell:Creating package descriptor '/mnt/d/IMAV_2017_Virtual_Challenge/install/imav_2017/share/imav_2017/package.dsv'
[18.202s] INFO:colcon.colcon_core.shell:Creating package script '/mnt/d/IMAV_2017_Virtual_Challenge/install/imav_2017/share/imav_2017/package.sh'
[18.264s] INFO:colcon.colcon_core.shell:Creating package script '/mnt/d/IMAV_2017_Virtual_Challenge/install/imav_2017/share/imav_2017/package.bash'
[18.331s] INFO:colcon.colcon_core.shell:Creating package script '/mnt/d/IMAV_2017_Virtual_Challenge/install/imav_2017/share/imav_2017/package.zsh'
[18.397s] Level 1:colcon.colcon_core.environment:create_file_with_runtime_dependencies(/mnt/d/IMAV_2017_Virtual_Challenge/install/imav_2017/share/colcon-core/packages/imav_2017)
[18.534s] Level 1:colcon.colcon_core.environment:create_environment_scripts_only(imav_2017)
[18.536s] Level 1:colcon.colcon_core.environment:checking '/mnt/d/IMAV_2017_Virtual_Challenge/install/imav_2017' for CMake module files
[19.137s] Level 1:colcon.colcon_core.environment:checking '/mnt/d/IMAV_2017_Virtual_Challenge/install/imav_2017' for CMake config files
[19.650s] Level 1:colcon.colcon_core.shell:create_environment_hook('imav_2017', 'cmake_prefix_path')
[19.652s] INFO:colcon.colcon_core.shell:Creating environment hook '/mnt/d/IMAV_2017_Virtual_Challenge/install/imav_2017/share/imav_2017/hook/cmake_prefix_path.ps1'
[19.726s] INFO:colcon.colcon_core.shell:Creating environment descriptor '/mnt/d/IMAV_2017_Virtual_Challenge/install/imav_2017/share/imav_2017/hook/cmake_prefix_path.dsv'
[19.802s] INFO:colcon.colcon_core.shell:Creating environment hook '/mnt/d/IMAV_2017_Virtual_Challenge/install/imav_2017/share/imav_2017/hook/cmake_prefix_path.sh'
[19.893s] Level 1:colcon.colcon_core.environment:checking '/mnt/d/IMAV_2017_Virtual_Challenge/install/imav_2017/lib'
[19.915s] Level 1:colcon.colcon_core.environment:checking '/mnt/d/IMAV_2017_Virtual_Challenge/install/imav_2017/bin'
[19.921s] Level 1:colcon.colcon_core.environment:checking '/mnt/d/IMAV_2017_Virtual_Challenge/install/imav_2017/lib/pkgconfig/imav_2017.pc'
[19.931s] Level 1:colcon.colcon_core.environment:checking '/mnt/d/IMAV_2017_Virtual_Challenge/install/imav_2017/lib/python3.10/site-packages'
[19.941s] Level 1:colcon.colcon_core.environment:checking '/mnt/d/IMAV_2017_Virtual_Challenge/install/imav_2017/bin'
[19.949s] INFO:colcon.colcon_core.shell:Creating package script '/mnt/d/IMAV_2017_Virtual_Challenge/install/imav_2017/share/imav_2017/package.ps1'
[20.010s] INFO:colcon.colcon_core.shell:Creating package descriptor '/mnt/d/IMAV_2017_Virtual_Challenge/install/imav_2017/share/imav_2017/package.dsv'
[20.073s] INFO:colcon.colcon_core.shell:Creating package script '/mnt/d/IMAV_2017_Virtual_Challenge/install/imav_2017/share/imav_2017/package.sh'
[20.133s] INFO:colcon.colcon_core.shell:Creating package script '/mnt/d/IMAV_2017_Virtual_Challenge/install/imav_2017/share/imav_2017/package.bash'
[20.195s] INFO:colcon.colcon_core.shell:Creating package script '/mnt/d/IMAV_2017_Virtual_Challenge/install/imav_2017/share/imav_2017/package.zsh'
[20.252s] Level 1:colcon.colcon_core.environment:create_file_with_runtime_dependencies(/mnt/d/IMAV_2017_Virtual_Challenge/install/imav_2017/share/colcon-core/packages/imav_2017)
[20.291s] DEBUG:colcon.colcon_parallel_executor.executor.parallel:closing loop
[20.293s] DEBUG:colcon.colcon_parallel_executor.executor.parallel:loop closed
[20.293s] DEBUG:colcon.colcon_parallel_executor.executor.parallel:run_until_complete finished with '0'
[20.294s] DEBUG:colcon.colcon_core.event_reactor:joining thread
[20.809s] INFO:colcon.colcon_core.plugin_system:Skipping extension 'colcon_notification.desktop_notification.notify_send': Could not find 'notify-send'
[20.811s] INFO:colcon.colcon_core.plugin_system:Skipping extension 'colcon_notification.desktop_notification.terminal_notifier': Not used on non-Darwin systems
[20.812s] INFO:colcon.colcon_core.plugin_system:Skipping extension 'colcon_notification.desktop_notification.win32': Not used on non-Windows systems
[20.813s] INFO:colcon.colcon_notification.desktop_notification:Sending desktop notification using 'notify2'
[20.815s] DEBUG:colcon.colcon_notification.desktop_notification.notify2:Failed to initialize notify2: org.freedesktop.DBus.Error.FileNotFound: Failed to connect to socket /run/user/1000/bus: No such file or directory
[20.816s] DEBUG:colcon.colcon_core.event_reactor:joined thread
[20.818s] INFO:colcon.colcon_core.shell:Creating prefix script '/mnt/d/IMAV_2017_Virtual_Challenge/install/local_setup.ps1'
[20.846s] INFO:colcon.colcon_core.shell:Creating prefix util module '/mnt/d/IMAV_2017_Virtual_Challenge/install/_local_setup_util_ps1.py'
[20.878s] INFO:colcon.colcon_core.shell:Creating prefix chain script '/mnt/d/IMAV_2017_Virtual_Challenge/install/setup.ps1'
[20.907s] INFO:colcon.colcon_core.shell:Creating prefix script '/mnt/d/IMAV_2017_Virtual_Challenge/install/local_setup.sh'
[20.935s] INFO:colcon.colcon_core.shell:Creating prefix util module '/mnt/d/IMAV_2017_Virtual_Challenge/install/_local_setup_util_sh.py'
[20.963s] INFO:colcon.colcon_core.shell:Creating prefix chain script '/mnt/d/IMAV_2017_Virtual_Challenge/install/setup.sh'
[20.993s] INFO:colcon.colcon_core.shell:Creating prefix script '/mnt/d/IMAV_2017_Virtual_Challenge/install/local_setup.bash'
[21.021s] INFO:colcon.colcon_core.shell:Creating prefix chain script '/mnt/d/IMAV_2017_Virtual_Challenge/install/setup.bash'
[21.052s] INFO:colcon.colcon_core.shell:Creating prefix script '/mnt/d/IMAV_2017_Virtual_Challenge/install/local_setup.zsh'
[21.080s] INFO:colcon.colcon_core.shell:Creating prefix chain script '/mnt/d/IMAV_2017_Virtual_Challenge/install/setup.zsh'
