[0.272s] Invoking command in '/mnt/d/IMAV_2017_Virtual_Challenge/build/imav_2017': CMAKE_PREFIX_PATH=/opt/ros/humble /usr/bin/cmake --build /mnt/d/IMAV_2017_Virtual_Challenge/build/imav_2017 -- -j16 -l16
[0.714s] Invoked command in '/mnt/d/IMAV_2017_Virtual_Challenge/build/imav_2017' returned '0': CMAKE_PREFIX_PATH=/opt/ros/humble /usr/bin/cmake --build /mnt/d/IMAV_2017_Virtual_Challenge/build/imav_2017 -- -j16 -l16
[0.858s] Invoking command in '/mnt/d/IMAV_2017_Virtual_Challenge/build/imav_2017': CMAKE_PREFIX_PATH=/opt/ros/humble /usr/bin/cmake --install /mnt/d/IMAV_2017_Virtual_Challenge/build/imav_2017
[0.907s] -- Install configuration: ""
[0.966s] -- Execute custom install script
[1.154s] -- Up-to-date symlink: /mnt/d/IMAV_2017_Virtual_Challenge/install/imav_2017/share/imav_2017//launch/imav_indoor.launch
[1.274s] -- Up-to-date symlink: /mnt/d/IMAV_2017_Virtual_Challenge/install/imav_2017/share/imav_2017//launch/imav_indoor.py
[1.399s] -- Up-to-date symlink: /mnt/d/IMAV_2017_Virtual_Challenge/install/imav_2017/share/imav_2017//launch/spawn_quadrotor.launch
[1.587s] -- Up-to-date symlink: /mnt/d/IMAV_2017_Virtual_Challenge/install/imav_2017/share/imav_2017//launch/spawn_quadrotor.py
[1.898s] -- Up-to-date symlink: /mnt/d/IMAV_2017_Virtual_Challenge/install/imav_2017/share/imav_2017//urdf/quadrotor.urdf.xacro
[2.012s] -- Up-to-date symlink: /mnt/d/IMAV_2017_Virtual_Challenge/install/imav_2017/share/imav_2017//urdf/quadrotor_base.urdf.xacro
[2.116s] -- Up-to-date symlink: /mnt/d/IMAV_2017_Virtual_Challenge/install/imav_2017/share/imav_2017//urdf/quadrotor_simple_controller.urdf.xacro
[2.257s] -- Up-to-date symlink: /mnt/d/IMAV_2017_Virtual_Challenge/install/imav_2017/share/imav_2017//urdf/sensors/generic_camera.urdf.xacro
[2.391s] -- Up-to-date symlink: /mnt/d/IMAV_2017_Virtual_Challenge/install/imav_2017/share/imav_2017//urdf/sensors/hokuyo_utm30lx.urdf.xacro
[2.532s] -- Up-to-date symlink: /mnt/d/IMAV_2017_Virtual_Challenge/install/imav_2017/share/imav_2017//urdf/sensors/quadrotor_sensors.urdf.xacro
[2.674s] -- Up-to-date symlink: /mnt/d/IMAV_2017_Virtual_Challenge/install/imav_2017/share/imav_2017//urdf/sensors/sonar_sensor.urdf.xacro
[2.800s] -- Up-to-date symlink: /mnt/d/IMAV_2017_Virtual_Challenge/install/imav_2017/share/imav_2017//urdf/spawnrobot.sh
[3.174s] -- Up-to-date symlink: /mnt/d/IMAV_2017_Virtual_Challenge/install/imav_2017/share/imav_2017//worlds/ardrone_testworld.world
[3.292s] -- Up-to-date symlink: /mnt/d/IMAV_2017_Virtual_Challenge/install/imav_2017/share/imav_2017//worlds/imav_indoor.world
[3.448s] -- Up-to-date symlink: /mnt/d/IMAV_2017_Virtual_Challenge/install/imav_2017/share/imav_2017//worlds/xacro/custom.material
[3.601s] -- Up-to-date symlink: /mnt/d/IMAV_2017_Virtual_Challenge/install/imav_2017/share/imav_2017//worlds/xacro/helipad1.jpg
[3.753s] -- Up-to-date symlink: /mnt/d/IMAV_2017_Virtual_Challenge/install/imav_2017/share/imav_2017//worlds/xacro/imav2017_logo_cfp.png
[3.918s] -- Up-to-date symlink: /mnt/d/IMAV_2017_Virtual_Challenge/install/imav_2017/share/imav_2017//worlds/xacro/imav_indoor.world.xacro
[4.061s] -- Up-to-date symlink: /mnt/d/IMAV_2017_Virtual_Challenge/install/imav_2017/share/imav_2017//worlds/xacro/macros.urdf.xacro
[4.204s] -- Up-to-date symlink: /mnt/d/IMAV_2017_Virtual_Challenge/install/imav_2017/share/imav_2017//worlds/xacro/mathworks_logo1.png
[4.349s] -- Up-to-date symlink: /mnt/d/IMAV_2017_Virtual_Challenge/install/imav_2017/share/imav_2017//worlds/xacro/mathworks_logo2.jpg
[4.503s] -- Up-to-date symlink: /mnt/d/IMAV_2017_Virtual_Challenge/install/imav_2017/share/imav_2017//worlds/xacro/qrcode_text.png
[4.655s] -- Up-to-date symlink: /mnt/d/IMAV_2017_Virtual_Challenge/install/imav_2017/share/imav_2017//worlds/xacro/qrcode_url.png
[4.793s] -- Up-to-date symlink: /mnt/d/IMAV_2017_Virtual_Challenge/install/imav_2017/share/imav_2017//worlds/xacro/tree1.dae
[4.926s] -- Up-to-date symlink: /mnt/d/IMAV_2017_Virtual_Challenge/install/imav_2017/share/imav_2017//worlds/xacro/tree1.obj
[5.080s] -- Up-to-date symlink: /mnt/d/IMAV_2017_Virtual_Challenge/install/imav_2017/share/imav_2017//worlds/xacro/wall.dae
[5.253s] -- Up-to-date symlink: /mnt/d/IMAV_2017_Virtual_Challenge/install/imav_2017/share/imav_2017//worlds/xacro/x1.jpg
[5.399s] -- Up-to-date symlink: /mnt/d/IMAV_2017_Virtual_Challenge/install/imav_2017/share/imav_2017//worlds/xacro/x1.png
[6.199s] -- Up-to-date symlink: /mnt/d/IMAV_2017_Virtual_Challenge/install/imav_2017/share/imav_2017//meshes/hokuyo_utm30lx/blender/hokuyo_utm30lx.blend
[6.345s] -- Up-to-date symlink: /mnt/d/IMAV_2017_Virtual_Challenge/install/imav_2017/share/imav_2017//meshes/hokuyo_utm30lx/hokuyo_utm_30lx.dae
[6.482s] -- Up-to-date symlink: /mnt/d/IMAV_2017_Virtual_Challenge/install/imav_2017/share/imav_2017//meshes/hokuyo_utm30lx/hokuyo_utm_30lx.stl
[6.633s] -- Up-to-date symlink: /mnt/d/IMAV_2017_Virtual_Challenge/install/imav_2017/share/imav_2017//meshes/hokuyo_utm30lx/hokuyo_utm_30lxTEST_SELF_FILTER.dae
[6.776s] -- Up-to-date symlink: /mnt/d/IMAV_2017_Virtual_Challenge/install/imav_2017/share/imav_2017//meshes/kinect_camera/kinect_camera_simple.dae
[6.920s] -- Up-to-date symlink: /mnt/d/IMAV_2017_Virtual_Challenge/install/imav_2017/share/imav_2017//meshes/kinect_camera/kinect_camera_simple.stl
[7.116s] -- Up-to-date symlink: /mnt/d/IMAV_2017_Virtual_Challenge/install/imav_2017/share/imav_2017//meshes/quadrotor/blender/quadrotor_2.blend
[7.324s] -- Up-to-date symlink: /mnt/d/IMAV_2017_Virtual_Challenge/install/imav_2017/share/imav_2017//meshes/quadrotor/blender/quadrotor_2.blend1
[7.511s] -- Up-to-date symlink: /mnt/d/IMAV_2017_Virtual_Challenge/install/imav_2017/share/imav_2017//meshes/quadrotor/blender/quadrotor_3.blend1
[7.693s] -- Up-to-date symlink: /mnt/d/IMAV_2017_Virtual_Challenge/install/imav_2017/share/imav_2017//meshes/quadrotor/blender/quadrotor_CAD.blend
[7.873s] -- Up-to-date symlink: /mnt/d/IMAV_2017_Virtual_Challenge/install/imav_2017/share/imav_2017//meshes/quadrotor/blender/quadrotor_CAD2.blend
[8.055s] -- Up-to-date symlink: /mnt/d/IMAV_2017_Virtual_Challenge/install/imav_2017/share/imav_2017//meshes/quadrotor/blender/quadrotor_CAD2.blend1
[8.236s] -- Up-to-date symlink: /mnt/d/IMAV_2017_Virtual_Challenge/install/imav_2017/share/imav_2017//meshes/quadrotor/blender/quadrotor_CAD2.blend2
[8.430s] -- Up-to-date symlink: /mnt/d/IMAV_2017_Virtual_Challenge/install/imav_2017/share/imav_2017//meshes/quadrotor/blender/quadrotor_base.blend
[8.578s] -- Up-to-date symlink: /mnt/d/IMAV_2017_Virtual_Challenge/install/imav_2017/share/imav_2017//meshes/quadrotor/quadrotor_2.dae
[8.720s] -- Up-to-date symlink: /mnt/d/IMAV_2017_Virtual_Challenge/install/imav_2017/share/imav_2017//meshes/quadrotor/quadrotor_2.stl
[8.861s] -- Up-to-date symlink: /mnt/d/IMAV_2017_Virtual_Challenge/install/imav_2017/share/imav_2017//meshes/quadrotor/quadrotor_3.dae
[8.998s] -- Up-to-date symlink: /mnt/d/IMAV_2017_Virtual_Challenge/install/imav_2017/share/imav_2017//meshes/quadrotor/quadrotor_3.stl
[9.139s] -- Up-to-date symlink: /mnt/d/IMAV_2017_Virtual_Challenge/install/imav_2017/share/imav_2017//meshes/quadrotor/quadrotor_4.dae
[9.286s] -- Up-to-date symlink: /mnt/d/IMAV_2017_Virtual_Challenge/install/imav_2017/share/imav_2017//meshes/quadrotor/quadrotor_4.stl
[9.429s] -- Up-to-date symlink: /mnt/d/IMAV_2017_Virtual_Challenge/install/imav_2017/share/imav_2017//meshes/quadrotor/quadrotor_base.dae
[9.590s] -- Up-to-date symlink: /mnt/d/IMAV_2017_Virtual_Challenge/install/imav_2017/share/imav_2017//meshes/quadrotor/quadrotor_base.stl
[9.812s] -- Up-to-date symlink: /mnt/d/IMAV_2017_Virtual_Challenge/install/imav_2017/share/imav_2017//meshes/sonar_sensor/blender/max_sonar_ez4.blend
[9.940s] -- Up-to-date symlink: /mnt/d/IMAV_2017_Virtual_Challenge/install/imav_2017/share/imav_2017//meshes/sonar_sensor/max_sonar_ez4.dae
[10.057s] -- Up-to-date symlink: /mnt/d/IMAV_2017_Virtual_Challenge/install/imav_2017/share/imav_2017//meshes/thermaleye_camera/thermaleye_camera_hector_v1.dae
[10.172s] -- Up-to-date symlink: /mnt/d/IMAV_2017_Virtual_Challenge/install/imav_2017/share/imav_2017//meshes/thermaleye_camera/thermaleye_camera_hector_v1.stl
[10.288s] -- Up-to-date symlink: /mnt/d/IMAV_2017_Virtual_Challenge/install/imav_2017/share/imav_2017//meshes/thermaleye_camera/thermaleye_camera_hector_v2.dae
[10.404s] -- Up-to-date symlink: /mnt/d/IMAV_2017_Virtual_Challenge/install/imav_2017/share/imav_2017//meshes/thermaleye_camera/thermaleye_camera_hector_v2.stl
[10.481s] -- Up-to-date symlink: /mnt/d/IMAV_2017_Virtual_Challenge/install/imav_2017/lib/imav_2017/ps2cmd_vel.py
[10.661s] -- Up-to-date symlink: /mnt/d/IMAV_2017_Virtual_Challenge/install/imav_2017/share/ament_index/resource_index/package_run_dependencies/imav_2017
[11.045s] -- Up-to-date symlink: /mnt/d/IMAV_2017_Virtual_Challenge/install/imav_2017/share/ament_index/resource_index/parent_prefix_path/imav_2017
[11.139s] -- Up-to-date symlink: /mnt/d/IMAV_2017_Virtual_Challenge/install/imav_2017/share/imav_2017/environment/ament_prefix_path.sh
[11.233s] -- Up-to-date symlink: /mnt/d/IMAV_2017_Virtual_Challenge/install/imav_2017/share/imav_2017/environment/ament_prefix_path.dsv
[11.308s] -- Up-to-date symlink: /mnt/d/IMAV_2017_Virtual_Challenge/install/imav_2017/share/imav_2017/environment/path.sh
[11.401s] -- Up-to-date symlink: /mnt/d/IMAV_2017_Virtual_Challenge/install/imav_2017/share/imav_2017/environment/path.dsv
[11.478s] -- Up-to-date symlink: /mnt/d/IMAV_2017_Virtual_Challenge/install/imav_2017/share/imav_2017/local_setup.bash
[11.555s] -- Up-to-date symlink: /mnt/d/IMAV_2017_Virtual_Challenge/install/imav_2017/share/imav_2017/local_setup.sh
[11.645s] -- Up-to-date symlink: /mnt/d/IMAV_2017_Virtual_Challenge/install/imav_2017/share/imav_2017/local_setup.zsh
[11.737s] -- Up-to-date symlink: /mnt/d/IMAV_2017_Virtual_Challenge/install/imav_2017/share/imav_2017/local_setup.dsv
[11.775s] -- Symlinking: /mnt/d/IMAV_2017_Virtual_Challenge/install/imav_2017/share/imav_2017/package.dsv
[12.075s] -- Up-to-date symlink: /mnt/d/IMAV_2017_Virtual_Challenge/install/imav_2017/share/ament_index/resource_index/packages/imav_2017
[12.168s] -- Up-to-date symlink: /mnt/d/IMAV_2017_Virtual_Challenge/install/imav_2017/share/imav_2017/cmake/imav_2017Config.cmake
[12.253s] -- Up-to-date symlink: /mnt/d/IMAV_2017_Virtual_Challenge/install/imav_2017/share/imav_2017/cmake/imav_2017Config-version.cmake
[12.324s] -- Up-to-date symlink: /mnt/d/IMAV_2017_Virtual_Challenge/install/imav_2017/share/imav_2017/package.xml
[12.342s] Invoked command in '/mnt/d/IMAV_2017_Virtual_Challenge/build/imav_2017' returned '0': CMAKE_PREFIX_PATH=/opt/ros/humble /usr/bin/cmake --install /mnt/d/IMAV_2017_Virtual_Challenge/build/imav_2017
