[1.956s] DEBUG:colcon:Command line arguments: ['/usr/bin/colcon', 'build']
[1.958s] DEBUG:colcon:Parsed command line arguments: Namespace(log_base=None, log_level=None, verb_name='build', build_base='build', install_base='install', merge_install=False, symlink_install=False, test_result_base=None, continue_on_error=False, executor='parallel', parallel_workers=16, event_handlers=None, ignore_user_meta=False, metas=['./colcon.meta'], base_paths=['.'], packages_ignore=None, packages_ignore_regex=None, paths=None, packages_up_to=None, packages_up_to_regex=None, packages_above=None, packages_above_and_dependencies=None, packages_above_depth=None, packages_select_by_dep=None, packages_skip_by_dep=None, packages_skip_up_to=None, packages_select_build_failed=False, packages_skip_build_finished=False, packages_select_test_failures=False, packages_skip_test_passed=False, packages_select=None, packages_skip=None, packages_select_regex=None, packages_skip_regex=None, packages_start=None, packages_end=None, allow_overriding=[], cmake_args=None, cmake_target=None, cmake_target_skip_unavailable=False, cmake_clean_cache=False, cmake_clean_first=False, cmake_force_configure=False, ament_cmake_args=None, catkin_cmake_args=None, catkin_skip_building_tests=False, verb_parser=<colcon_defaults.argument_parser.defaults.DefaultArgumentsDecorator object at 0x7a79e9772320>, verb_extension=<colcon_core.verb.build.BuildVerb object at 0x7a79e97714e0>, main=<bound method BuildVerb.main of <colcon_core.verb.build.BuildVerb object at 0x7a79e97714e0>>)
[2.460s] Level 1:colcon.colcon_core.package_discovery:discover_packages(colcon_meta) check parameters
[2.462s] Level 1:colcon.colcon_core.package_discovery:discover_packages(recursive) check parameters
[2.464s] Level 1:colcon.colcon_core.package_discovery:discover_packages(ignore) check parameters
[2.465s] Level 1:colcon.colcon_core.package_discovery:discover_packages(path) check parameters
[2.466s] Level 1:colcon.colcon_core.package_discovery:discover_packages(colcon_meta) discover
[2.468s] Level 1:colcon.colcon_core.package_discovery:discover_packages(recursive) discover
[2.469s] INFO:colcon.colcon_core.package_discovery:Crawling recursively for packages in '/mnt/d/IMAV_2017_Virtual_Challenge'
[2.481s] Level 1:colcon.colcon_core.package_identification:_identify(.) by extensions ['ignore', 'ignore_ament_install']
[2.483s] Level 1:colcon.colcon_core.package_identification:_identify(.) by extension 'ignore'
[2.485s] Level 1:colcon.colcon_core.package_identification:_identify(.) by extension 'ignore_ament_install'
[2.488s] Level 1:colcon.colcon_core.package_identification:_identify(.) by extensions ['colcon_pkg']
[2.489s] Level 1:colcon.colcon_core.package_identification:_identify(.) by extension 'colcon_pkg'
[2.491s] Level 1:colcon.colcon_core.package_identification:_identify(.) by extensions ['colcon_meta']
[2.492s] Level 1:colcon.colcon_core.package_identification:_identify(.) by extension 'colcon_meta'
[2.493s] Level 1:colcon.colcon_core.package_identification:_identify(.) by extensions ['ros']
[2.494s] Level 1:colcon.colcon_core.package_identification:_identify(.) by extension 'ros'
[2.575s] DEBUG:colcon.colcon_core.package_identification:Package '.' with type 'ros.ament_cmake' and name 'imav_2017'
[2.577s] Level 1:colcon.colcon_core.package_discovery:discover_packages(recursive) using defaults
[2.578s] Level 1:colcon.colcon_core.package_discovery:discover_packages(ignore) discover
[2.579s] Level 1:colcon.colcon_core.package_discovery:discover_packages(ignore) using defaults
[2.580s] Level 1:colcon.colcon_core.package_discovery:discover_packages(path) discover
[2.581s] Level 1:colcon.colcon_core.package_discovery:discover_packages(path) using defaults
[2.694s] Level 1:colcon.colcon_core.package_discovery:discover_packages(prefix_path) check parameters
[2.695s] Level 1:colcon.colcon_core.package_discovery:discover_packages(prefix_path) discover
[2.717s] DEBUG:colcon.colcon_installed_package_information.package_discovery:Found 293 installed packages in /opt/ros/humble
[2.727s] Level 1:colcon.colcon_core.package_discovery:discover_packages(prefix_path) using defaults
[2.975s] Level 5:colcon.colcon_core.verb:set package 'imav_2017' build argument 'cmake_args' from command line to 'None'
[2.977s] Level 5:colcon.colcon_core.verb:set package 'imav_2017' build argument 'cmake_target' from command line to 'None'
[2.978s] Level 5:colcon.colcon_core.verb:set package 'imav_2017' build argument 'cmake_target_skip_unavailable' from command line to 'False'
[2.979s] Level 5:colcon.colcon_core.verb:set package 'imav_2017' build argument 'cmake_clean_cache' from command line to 'False'
[2.980s] Level 5:colcon.colcon_core.verb:set package 'imav_2017' build argument 'cmake_clean_first' from command line to 'False'
[2.981s] Level 5:colcon.colcon_core.verb:set package 'imav_2017' build argument 'cmake_force_configure' from command line to 'False'
[2.982s] Level 5:colcon.colcon_core.verb:set package 'imav_2017' build argument 'ament_cmake_args' from command line to 'None'
[2.983s] Level 5:colcon.colcon_core.verb:set package 'imav_2017' build argument 'catkin_cmake_args' from command line to 'None'
[2.984s] Level 5:colcon.colcon_core.verb:set package 'imav_2017' build argument 'catkin_skip_building_tests' from command line to 'False'
[2.985s] DEBUG:colcon.colcon_core.verb:Building package 'imav_2017' with the following arguments: {'ament_cmake_args': None, 'build_base': '/mnt/d/IMAV_2017_Virtual_Challenge/build/imav_2017', 'catkin_cmake_args': None, 'catkin_skip_building_tests': False, 'cmake_args': None, 'cmake_clean_cache': False, 'cmake_clean_first': False, 'cmake_force_configure': False, 'cmake_target': None, 'cmake_target_skip_unavailable': False, 'install_base': '/mnt/d/IMAV_2017_Virtual_Challenge/install/imav_2017', 'merge_install': False, 'path': '/mnt/d/IMAV_2017_Virtual_Challenge', 'symlink_install': False, 'test_result_base': None}
[2.986s] INFO:colcon.colcon_core.executor:Executing jobs using 'parallel' executor
[2.992s] DEBUG:colcon.colcon_parallel_executor.executor.parallel:run_until_complete
[2.994s] INFO:colcon.colcon_ros.task.ament_cmake.build:Building ROS package in '/mnt/d/IMAV_2017_Virtual_Challenge' with build type 'ament_cmake'
[2.995s] INFO:colcon.colcon_cmake.task.cmake.build:Building CMake package in '/mnt/d/IMAV_2017_Virtual_Challenge'
[3.021s] INFO:colcon.colcon_core.plugin_system:Skipping extension 'colcon_core.shell.bat': Not used on non-Windows systems
[3.023s] INFO:colcon.colcon_core.shell:Skip shell extension 'powershell' for command environment: Not usable outside of PowerShell
[3.024s] DEBUG:colcon.colcon_core.shell:Skip shell extension 'dsv' for command environment
[3.359s] DEBUG:colcon.colcon_core.event_handler.log_command:Invoking command in '/mnt/d/IMAV_2017_Virtual_Challenge/build/imav_2017': CMAKE_PREFIX_PATH=/opt/ros/humble /usr/bin/cmake /mnt/d/IMAV_2017_Virtual_Challenge -DCMAKE_INSTALL_PREFIX=/mnt/d/IMAV_2017_Virtual_Challenge/install/imav_2017
[34.843s] DEBUG:colcon.colcon_core.event_handler.log_command:Invoked command in '/mnt/d/IMAV_2017_Virtual_Challenge/build/imav_2017' returned '0': CMAKE_PREFIX_PATH=/opt/ros/humble /usr/bin/cmake /mnt/d/IMAV_2017_Virtual_Challenge -DCMAKE_INSTALL_PREFIX=/mnt/d/IMAV_2017_Virtual_Challenge/install/imav_2017
[34.899s] DEBUG:colcon.colcon_core.event_handler.log_command:Invoking command in '/mnt/d/IMAV_2017_Virtual_Challenge/build/imav_2017': CMAKE_PREFIX_PATH=/opt/ros/humble /usr/bin/cmake --build /mnt/d/IMAV_2017_Virtual_Challenge/build/imav_2017 -- -j16 -l16
[35.443s] DEBUG:colcon.colcon_core.event_handler.log_command:Invoked command in '/mnt/d/IMAV_2017_Virtual_Challenge/build/imav_2017' returned '0': CMAKE_PREFIX_PATH=/opt/ros/humble /usr/bin/cmake --build /mnt/d/IMAV_2017_Virtual_Challenge/build/imav_2017 -- -j16 -l16
[35.605s] DEBUG:colcon.colcon_core.event_handler.log_command:Invoking command in '/mnt/d/IMAV_2017_Virtual_Challenge/build/imav_2017': CMAKE_PREFIX_PATH=/opt/ros/humble /usr/bin/cmake --install /mnt/d/IMAV_2017_Virtual_Challenge/build/imav_2017
[69.338s] Level 1:colcon.colcon_core.environment:create_environment_scripts_only(imav_2017)
[69.343s] DEBUG:colcon.colcon_core.event_handler.log_command:Invoked command in '/mnt/d/IMAV_2017_Virtual_Challenge/build/imav_2017' returned '0': CMAKE_PREFIX_PATH=/opt/ros/humble /usr/bin/cmake --install /mnt/d/IMAV_2017_Virtual_Challenge/build/imav_2017
[69.369s] Level 1:colcon.colcon_core.environment:checking '/mnt/d/IMAV_2017_Virtual_Challenge/install/imav_2017' for CMake module files
[69.799s] Level 1:colcon.colcon_core.environment:checking '/mnt/d/IMAV_2017_Virtual_Challenge/install/imav_2017' for CMake config files
[70.083s] Level 1:colcon.colcon_core.shell:create_environment_hook('imav_2017', 'cmake_prefix_path')
[70.086s] INFO:colcon.colcon_core.shell:Creating environment hook '/mnt/d/IMAV_2017_Virtual_Challenge/install/imav_2017/share/imav_2017/hook/cmake_prefix_path.ps1'
[70.148s] INFO:colcon.colcon_core.shell:Creating environment descriptor '/mnt/d/IMAV_2017_Virtual_Challenge/install/imav_2017/share/imav_2017/hook/cmake_prefix_path.dsv'
[70.229s] INFO:colcon.colcon_core.shell:Creating environment hook '/mnt/d/IMAV_2017_Virtual_Challenge/install/imav_2017/share/imav_2017/hook/cmake_prefix_path.sh'
[70.331s] Level 1:colcon.colcon_core.environment:checking '/mnt/d/IMAV_2017_Virtual_Challenge/install/imav_2017/lib'
[70.352s] Level 1:colcon.colcon_core.environment:checking '/mnt/d/IMAV_2017_Virtual_Challenge/install/imav_2017/bin'
[70.358s] Level 1:colcon.colcon_core.environment:checking '/mnt/d/IMAV_2017_Virtual_Challenge/install/imav_2017/lib/pkgconfig/imav_2017.pc'
[70.368s] Level 1:colcon.colcon_core.environment:checking '/mnt/d/IMAV_2017_Virtual_Challenge/install/imav_2017/lib/python3.10/site-packages'
[70.380s] Level 1:colcon.colcon_core.environment:checking '/mnt/d/IMAV_2017_Virtual_Challenge/install/imav_2017/bin'
[70.390s] INFO:colcon.colcon_core.shell:Creating package script '/mnt/d/IMAV_2017_Virtual_Challenge/install/imav_2017/share/imav_2017/package.ps1'
[70.450s] INFO:colcon.colcon_core.shell:Creating package descriptor '/mnt/d/IMAV_2017_Virtual_Challenge/install/imav_2017/share/imav_2017/package.dsv'
[70.516s] INFO:colcon.colcon_core.shell:Creating package script '/mnt/d/IMAV_2017_Virtual_Challenge/install/imav_2017/share/imav_2017/package.sh'
[70.578s] INFO:colcon.colcon_core.shell:Creating package script '/mnt/d/IMAV_2017_Virtual_Challenge/install/imav_2017/share/imav_2017/package.bash'
[70.640s] INFO:colcon.colcon_core.shell:Creating package script '/mnt/d/IMAV_2017_Virtual_Challenge/install/imav_2017/share/imav_2017/package.zsh'
[70.710s] Level 1:colcon.colcon_core.environment:create_file_with_runtime_dependencies(/mnt/d/IMAV_2017_Virtual_Challenge/install/imav_2017/share/colcon-core/packages/imav_2017)
[70.879s] Level 1:colcon.colcon_core.environment:create_environment_scripts_only(imav_2017)
[70.882s] Level 1:colcon.colcon_core.environment:checking '/mnt/d/IMAV_2017_Virtual_Challenge/install/imav_2017' for CMake module files
[71.374s] Level 1:colcon.colcon_core.environment:checking '/mnt/d/IMAV_2017_Virtual_Challenge/install/imav_2017' for CMake config files
[71.712s] Level 1:colcon.colcon_core.shell:create_environment_hook('imav_2017', 'cmake_prefix_path')
[71.714s] INFO:colcon.colcon_core.shell:Creating environment hook '/mnt/d/IMAV_2017_Virtual_Challenge/install/imav_2017/share/imav_2017/hook/cmake_prefix_path.ps1'
[71.782s] INFO:colcon.colcon_core.shell:Creating environment descriptor '/mnt/d/IMAV_2017_Virtual_Challenge/install/imav_2017/share/imav_2017/hook/cmake_prefix_path.dsv'
[71.856s] INFO:colcon.colcon_core.shell:Creating environment hook '/mnt/d/IMAV_2017_Virtual_Challenge/install/imav_2017/share/imav_2017/hook/cmake_prefix_path.sh'
[71.943s] Level 1:colcon.colcon_core.environment:checking '/mnt/d/IMAV_2017_Virtual_Challenge/install/imav_2017/lib'
[71.963s] Level 1:colcon.colcon_core.environment:checking '/mnt/d/IMAV_2017_Virtual_Challenge/install/imav_2017/bin'
[71.969s] Level 1:colcon.colcon_core.environment:checking '/mnt/d/IMAV_2017_Virtual_Challenge/install/imav_2017/lib/pkgconfig/imav_2017.pc'
[71.978s] Level 1:colcon.colcon_core.environment:checking '/mnt/d/IMAV_2017_Virtual_Challenge/install/imav_2017/lib/python3.10/site-packages'
[71.988s] Level 1:colcon.colcon_core.environment:checking '/mnt/d/IMAV_2017_Virtual_Challenge/install/imav_2017/bin'
[71.996s] INFO:colcon.colcon_core.shell:Creating package script '/mnt/d/IMAV_2017_Virtual_Challenge/install/imav_2017/share/imav_2017/package.ps1'
[72.065s] INFO:colcon.colcon_core.shell:Creating package descriptor '/mnt/d/IMAV_2017_Virtual_Challenge/install/imav_2017/share/imav_2017/package.dsv'
[72.126s] INFO:colcon.colcon_core.shell:Creating package script '/mnt/d/IMAV_2017_Virtual_Challenge/install/imav_2017/share/imav_2017/package.sh'
[72.191s] INFO:colcon.colcon_core.shell:Creating package script '/mnt/d/IMAV_2017_Virtual_Challenge/install/imav_2017/share/imav_2017/package.bash'
[72.259s] INFO:colcon.colcon_core.shell:Creating package script '/mnt/d/IMAV_2017_Virtual_Challenge/install/imav_2017/share/imav_2017/package.zsh'
[72.322s] Level 1:colcon.colcon_core.environment:create_file_with_runtime_dependencies(/mnt/d/IMAV_2017_Virtual_Challenge/install/imav_2017/share/colcon-core/packages/imav_2017)
[72.368s] DEBUG:colcon.colcon_parallel_executor.executor.parallel:closing loop
[72.370s] DEBUG:colcon.colcon_parallel_executor.executor.parallel:loop closed
[72.371s] DEBUG:colcon.colcon_parallel_executor.executor.parallel:run_until_complete finished with '0'
[72.372s] DEBUG:colcon.colcon_core.event_reactor:joining thread
[72.908s] INFO:colcon.colcon_core.plugin_system:Skipping extension 'colcon_notification.desktop_notification.notify_send': Could not find 'notify-send'
[72.910s] INFO:colcon.colcon_core.plugin_system:Skipping extension 'colcon_notification.desktop_notification.terminal_notifier': Not used on non-Darwin systems
[72.911s] INFO:colcon.colcon_core.plugin_system:Skipping extension 'colcon_notification.desktop_notification.win32': Not used on non-Windows systems
[72.912s] INFO:colcon.colcon_notification.desktop_notification:Sending desktop notification using 'notify2'
[72.913s] DEBUG:colcon.colcon_notification.desktop_notification.notify2:Failed to initialize notify2: org.freedesktop.DBus.Error.FileNotFound: Failed to connect to socket /run/user/1000/bus: No such file or directory
[72.915s] DEBUG:colcon.colcon_core.event_reactor:joined thread
[72.916s] INFO:colcon.colcon_core.shell:Creating prefix script '/mnt/d/IMAV_2017_Virtual_Challenge/install/local_setup.ps1'
[72.940s] INFO:colcon.colcon_core.shell:Creating prefix util module '/mnt/d/IMAV_2017_Virtual_Challenge/install/_local_setup_util_ps1.py'
[72.968s] INFO:colcon.colcon_core.shell:Creating prefix chain script '/mnt/d/IMAV_2017_Virtual_Challenge/install/setup.ps1'
[72.994s] INFO:colcon.colcon_core.shell:Creating prefix script '/mnt/d/IMAV_2017_Virtual_Challenge/install/local_setup.sh'
[73.021s] INFO:colcon.colcon_core.shell:Creating prefix util module '/mnt/d/IMAV_2017_Virtual_Challenge/install/_local_setup_util_sh.py'
[73.045s] INFO:colcon.colcon_core.shell:Creating prefix chain script '/mnt/d/IMAV_2017_Virtual_Challenge/install/setup.sh'
[73.071s] INFO:colcon.colcon_core.shell:Creating prefix script '/mnt/d/IMAV_2017_Virtual_Challenge/install/local_setup.bash'
[73.095s] INFO:colcon.colcon_core.shell:Creating prefix chain script '/mnt/d/IMAV_2017_Virtual_Challenge/install/setup.bash'
[73.121s] INFO:colcon.colcon_core.shell:Creating prefix script '/mnt/d/IMAV_2017_Virtual_Challenge/install/local_setup.zsh'
[73.145s] INFO:colcon.colcon_core.shell:Creating prefix chain script '/mnt/d/IMAV_2017_Virtual_Challenge/install/setup.zsh'
