[0.276s] Invoking command in '/mnt/d/IMAV_2017_Virtual_Challenge/build/imav_2017': CMAKE_PREFIX_PATH=/opt/ros/humble /usr/bin/cmake --build /mnt/d/IMAV_2017_Virtual_Challenge/build/imav_2017 -- -j16 -l16
[0.942s] Invoked command in '/mnt/d/IMAV_2017_Virtual_Challenge/build/imav_2017' returned '0': CMAKE_PREFIX_PATH=/opt/ros/humble /usr/bin/cmake --build /mnt/d/IMAV_2017_Virtual_Challenge/build/imav_2017 -- -j16 -l16
[1.106s] Invoking command in '/mnt/d/IMAV_2017_Virtual_Challenge/build/imav_2017': CMAKE_PREFIX_PATH=/opt/ros/humble /usr/bin/cmake --install /mnt/d/IMAV_2017_Virtual_Challenge/build/imav_2017
[1.156s] -- Install configuration: ""
[1.208s] -- Execute custom install script
[1.402s] -- Up-to-date symlink: /mnt/d/IMAV_2017_Virtual_Challenge/install/imav_2017/share/imav_2017//launch/imav_indoor.launch
[1.534s] -- Up-to-date symlink: /mnt/d/IMAV_2017_Virtual_Challenge/install/imav_2017/share/imav_2017//launch/imav_indoor.py
[1.662s] -- Up-to-date symlink: /mnt/d/IMAV_2017_Virtual_Challenge/install/imav_2017/share/imav_2017//launch/spawn_quadrotor.launch
[1.785s] -- Up-to-date symlink: /mnt/d/IMAV_2017_Virtual_Challenge/install/imav_2017/share/imav_2017//launch/spawn_quadrotor.py
[2.050s] -- Up-to-date symlink: /mnt/d/IMAV_2017_Virtual_Challenge/install/imav_2017/share/imav_2017//urdf/quadrotor.urdf.xacro
[2.173s] -- Up-to-date symlink: /mnt/d/IMAV_2017_Virtual_Challenge/install/imav_2017/share/imav_2017//urdf/quadrotor_base.urdf.xacro
[2.297s] -- Up-to-date symlink: /mnt/d/IMAV_2017_Virtual_Challenge/install/imav_2017/share/imav_2017//urdf/quadrotor_simple_controller.urdf.xacro
[2.458s] -- Up-to-date symlink: /mnt/d/IMAV_2017_Virtual_Challenge/install/imav_2017/share/imav_2017//urdf/sensors/generic_camera.urdf.xacro
[2.622s] -- Up-to-date symlink: /mnt/d/IMAV_2017_Virtual_Challenge/install/imav_2017/share/imav_2017//urdf/sensors/hokuyo_utm30lx.urdf.xacro
[2.790s] -- Up-to-date symlink: /mnt/d/IMAV_2017_Virtual_Challenge/install/imav_2017/share/imav_2017//urdf/sensors/quadrotor_sensors.urdf.xacro
[2.963s] -- Up-to-date symlink: /mnt/d/IMAV_2017_Virtual_Challenge/install/imav_2017/share/imav_2017//urdf/sensors/sonar_sensor.urdf.xacro
[3.086s] -- Up-to-date symlink: /mnt/d/IMAV_2017_Virtual_Challenge/install/imav_2017/share/imav_2017//urdf/spawnrobot.sh
[3.483s] -- Up-to-date symlink: /mnt/d/IMAV_2017_Virtual_Challenge/install/imav_2017/share/imav_2017//worlds/ardrone_testworld.world
[3.606s] -- Up-to-date symlink: /mnt/d/IMAV_2017_Virtual_Challenge/install/imav_2017/share/imav_2017//worlds/imav_indoor.world
[3.770s] -- Up-to-date symlink: /mnt/d/IMAV_2017_Virtual_Challenge/install/imav_2017/share/imav_2017//worlds/xacro/custom.material
[3.935s] -- Up-to-date symlink: /mnt/d/IMAV_2017_Virtual_Challenge/install/imav_2017/share/imav_2017//worlds/xacro/helipad1.jpg
[4.095s] -- Up-to-date symlink: /mnt/d/IMAV_2017_Virtual_Challenge/install/imav_2017/share/imav_2017//worlds/xacro/imav2017_logo_cfp.png
[4.254s] -- Up-to-date symlink: /mnt/d/IMAV_2017_Virtual_Challenge/install/imav_2017/share/imav_2017//worlds/xacro/imav_indoor.world.xacro
[4.420s] -- Up-to-date symlink: /mnt/d/IMAV_2017_Virtual_Challenge/install/imav_2017/share/imav_2017//worlds/xacro/macros.urdf.xacro
[4.578s] -- Up-to-date symlink: /mnt/d/IMAV_2017_Virtual_Challenge/install/imav_2017/share/imav_2017//worlds/xacro/mathworks_logo1.png
[4.739s] -- Up-to-date symlink: /mnt/d/IMAV_2017_Virtual_Challenge/install/imav_2017/share/imav_2017//worlds/xacro/mathworks_logo2.jpg
[4.901s] -- Up-to-date symlink: /mnt/d/IMAV_2017_Virtual_Challenge/install/imav_2017/share/imav_2017//worlds/xacro/qrcode_text.png
[5.060s] -- Up-to-date symlink: /mnt/d/IMAV_2017_Virtual_Challenge/install/imav_2017/share/imav_2017//worlds/xacro/qrcode_url.png
[5.226s] -- Up-to-date symlink: /mnt/d/IMAV_2017_Virtual_Challenge/install/imav_2017/share/imav_2017//worlds/xacro/tree1.dae
[5.390s] -- Up-to-date symlink: /mnt/d/IMAV_2017_Virtual_Challenge/install/imav_2017/share/imav_2017//worlds/xacro/tree1.obj
[5.559s] -- Up-to-date symlink: /mnt/d/IMAV_2017_Virtual_Challenge/install/imav_2017/share/imav_2017//worlds/xacro/wall.dae
[5.721s] -- Up-to-date symlink: /mnt/d/IMAV_2017_Virtual_Challenge/install/imav_2017/share/imav_2017//worlds/xacro/x1.jpg
[5.881s] -- Up-to-date symlink: /mnt/d/IMAV_2017_Virtual_Challenge/install/imav_2017/share/imav_2017//worlds/xacro/x1.png
[6.790s] -- Up-to-date symlink: /mnt/d/IMAV_2017_Virtual_Challenge/install/imav_2017/share/imav_2017//meshes/hokuyo_utm30lx/blender/hokuyo_utm30lx.blend
[6.960s] -- Up-to-date symlink: /mnt/d/IMAV_2017_Virtual_Challenge/install/imav_2017/share/imav_2017//meshes/hokuyo_utm30lx/hokuyo_utm_30lx.dae
[7.197s] -- Up-to-date symlink: /mnt/d/IMAV_2017_Virtual_Challenge/install/imav_2017/share/imav_2017//meshes/hokuyo_utm30lx/hokuyo_utm_30lx.stl
[7.358s] -- Up-to-date symlink: /mnt/d/IMAV_2017_Virtual_Challenge/install/imav_2017/share/imav_2017//meshes/hokuyo_utm30lx/hokuyo_utm_30lxTEST_SELF_FILTER.dae
[7.506s] -- Up-to-date symlink: /mnt/d/IMAV_2017_Virtual_Challenge/install/imav_2017/share/imav_2017//meshes/kinect_camera/kinect_camera_simple.dae
[7.650s] -- Up-to-date symlink: /mnt/d/IMAV_2017_Virtual_Challenge/install/imav_2017/share/imav_2017//meshes/kinect_camera/kinect_camera_simple.stl
[7.854s] -- Up-to-date symlink: /mnt/d/IMAV_2017_Virtual_Challenge/install/imav_2017/share/imav_2017//meshes/quadrotor/blender/quadrotor_2.blend
[8.046s] -- Up-to-date symlink: /mnt/d/IMAV_2017_Virtual_Challenge/install/imav_2017/share/imav_2017//meshes/quadrotor/blender/quadrotor_2.blend1
[8.236s] -- Up-to-date symlink: /mnt/d/IMAV_2017_Virtual_Challenge/install/imav_2017/share/imav_2017//meshes/quadrotor/blender/quadrotor_3.blend1
[8.427s] -- Up-to-date symlink: /mnt/d/IMAV_2017_Virtual_Challenge/install/imav_2017/share/imav_2017//meshes/quadrotor/blender/quadrotor_CAD.blend
[8.612s] -- Up-to-date symlink: /mnt/d/IMAV_2017_Virtual_Challenge/install/imav_2017/share/imav_2017//meshes/quadrotor/blender/quadrotor_CAD2.blend
[8.797s] -- Up-to-date symlink: /mnt/d/IMAV_2017_Virtual_Challenge/install/imav_2017/share/imav_2017//meshes/quadrotor/blender/quadrotor_CAD2.blend1
[8.987s] -- Up-to-date symlink: /mnt/d/IMAV_2017_Virtual_Challenge/install/imav_2017/share/imav_2017//meshes/quadrotor/blender/quadrotor_CAD2.blend2
[9.179s] -- Up-to-date symlink: /mnt/d/IMAV_2017_Virtual_Challenge/install/imav_2017/share/imav_2017//meshes/quadrotor/blender/quadrotor_base.blend
[9.322s] -- Up-to-date symlink: /mnt/d/IMAV_2017_Virtual_Challenge/install/imav_2017/share/imav_2017//meshes/quadrotor/quadrotor_2.dae
[9.470s] -- Up-to-date symlink: /mnt/d/IMAV_2017_Virtual_Challenge/install/imav_2017/share/imav_2017//meshes/quadrotor/quadrotor_2.stl
[9.635s] -- Up-to-date symlink: /mnt/d/IMAV_2017_Virtual_Challenge/install/imav_2017/share/imav_2017//meshes/quadrotor/quadrotor_3.dae
[9.786s] -- Up-to-date symlink: /mnt/d/IMAV_2017_Virtual_Challenge/install/imav_2017/share/imav_2017//meshes/quadrotor/quadrotor_3.stl
[9.929s] -- Up-to-date symlink: /mnt/d/IMAV_2017_Virtual_Challenge/install/imav_2017/share/imav_2017//meshes/quadrotor/quadrotor_4.dae
[10.075s] -- Up-to-date symlink: /mnt/d/IMAV_2017_Virtual_Challenge/install/imav_2017/share/imav_2017//meshes/quadrotor/quadrotor_4.stl
[10.221s] -- Up-to-date symlink: /mnt/d/IMAV_2017_Virtual_Challenge/install/imav_2017/share/imav_2017//meshes/quadrotor/quadrotor_base.dae
[10.365s] -- Up-to-date symlink: /mnt/d/IMAV_2017_Virtual_Challenge/install/imav_2017/share/imav_2017//meshes/quadrotor/quadrotor_base.stl
[10.557s] -- Up-to-date symlink: /mnt/d/IMAV_2017_Virtual_Challenge/install/imav_2017/share/imav_2017//meshes/sonar_sensor/blender/max_sonar_ez4.blend
[10.712s] -- Up-to-date symlink: /mnt/d/IMAV_2017_Virtual_Challenge/install/imav_2017/share/imav_2017//meshes/sonar_sensor/max_sonar_ez4.dae
[10.860s] -- Up-to-date symlink: /mnt/d/IMAV_2017_Virtual_Challenge/install/imav_2017/share/imav_2017//meshes/thermaleye_camera/thermaleye_camera_hector_v1.dae
[11.010s] -- Up-to-date symlink: /mnt/d/IMAV_2017_Virtual_Challenge/install/imav_2017/share/imav_2017//meshes/thermaleye_camera/thermaleye_camera_hector_v1.stl
[11.152s] -- Up-to-date symlink: /mnt/d/IMAV_2017_Virtual_Challenge/install/imav_2017/share/imav_2017//meshes/thermaleye_camera/thermaleye_camera_hector_v2.dae
[11.297s] -- Up-to-date symlink: /mnt/d/IMAV_2017_Virtual_Challenge/install/imav_2017/share/imav_2017//meshes/thermaleye_camera/thermaleye_camera_hector_v2.stl
[11.393s] -- Up-to-date symlink: /mnt/d/IMAV_2017_Virtual_Challenge/install/imav_2017/lib/imav_2017/ps2cmd_vel.py
[11.624s] -- Up-to-date symlink: /mnt/d/IMAV_2017_Virtual_Challenge/install/imav_2017/share/ament_index/resource_index/package_run_dependencies/imav_2017
[11.852s] -- Up-to-date symlink: /mnt/d/IMAV_2017_Virtual_Challenge/install/imav_2017/share/ament_index/resource_index/parent_prefix_path/imav_2017
[11.950s] -- Up-to-date symlink: /mnt/d/IMAV_2017_Virtual_Challenge/install/imav_2017/share/imav_2017/environment/ament_prefix_path.sh
[12.066s] -- Up-to-date symlink: /mnt/d/IMAV_2017_Virtual_Challenge/install/imav_2017/share/imav_2017/environment/ament_prefix_path.dsv
[12.185s] -- Up-to-date symlink: /mnt/d/IMAV_2017_Virtual_Challenge/install/imav_2017/share/imav_2017/environment/path.sh
[12.308s] -- Up-to-date symlink: /mnt/d/IMAV_2017_Virtual_Challenge/install/imav_2017/share/imav_2017/environment/path.dsv
[12.409s] -- Up-to-date symlink: /mnt/d/IMAV_2017_Virtual_Challenge/install/imav_2017/share/imav_2017/local_setup.bash
[12.505s] -- Up-to-date symlink: /mnt/d/IMAV_2017_Virtual_Challenge/install/imav_2017/share/imav_2017/local_setup.sh
[12.604s] -- Up-to-date symlink: /mnt/d/IMAV_2017_Virtual_Challenge/install/imav_2017/share/imav_2017/local_setup.zsh
[12.699s] -- Up-to-date symlink: /mnt/d/IMAV_2017_Virtual_Challenge/install/imav_2017/share/imav_2017/local_setup.dsv
[12.746s] -- Symlinking: /mnt/d/IMAV_2017_Virtual_Challenge/install/imav_2017/share/imav_2017/package.dsv
[13.106s] -- Up-to-date symlink: /mnt/d/IMAV_2017_Virtual_Challenge/install/imav_2017/share/ament_index/resource_index/packages/imav_2017
[13.225s] -- Up-to-date symlink: /mnt/d/IMAV_2017_Virtual_Challenge/install/imav_2017/share/imav_2017/cmake/imav_2017Config.cmake
[13.330s] -- Up-to-date symlink: /mnt/d/IMAV_2017_Virtual_Challenge/install/imav_2017/share/imav_2017/cmake/imav_2017Config-version.cmake
[13.413s] -- Up-to-date symlink: /mnt/d/IMAV_2017_Virtual_Challenge/install/imav_2017/share/imav_2017/package.xml
[13.432s] Invoked command in '/mnt/d/IMAV_2017_Virtual_Challenge/build/imav_2017' returned '0': CMAKE_PREFIX_PATH=/opt/ros/humble /usr/bin/cmake --install /mnt/d/IMAV_2017_Virtual_Challenge/build/imav_2017
