-- Install configuration: ""
-- Execute custom install script
-- Up-to-date symlink: /mnt/d/IMAV_2017_Virtual_Challenge/install/imav_2017/share/imav_2017//launch/imav_indoor.launch
-- Up-to-date symlink: /mnt/d/IMAV_2017_Virtual_Challenge/install/imav_2017/share/imav_2017//launch/imav_indoor.py
-- Up-to-date symlink: /mnt/d/IMAV_2017_Virtual_Challenge/install/imav_2017/share/imav_2017//launch/spawn_quadrotor.launch
-- Up-to-date symlink: /mnt/d/IMAV_2017_Virtual_Challenge/install/imav_2017/share/imav_2017//launch/spawn_quadrotor.py
-- Up-to-date symlink: /mnt/d/IMAV_2017_Virtual_Challenge/install/imav_2017/share/imav_2017//urdf/quadrotor.urdf.xacro
-- Up-to-date symlink: /mnt/d/IMAV_2017_Virtual_Challenge/install/imav_2017/share/imav_2017//urdf/quadrotor_base.urdf.xacro
-- Up-to-date symlink: /mnt/d/IMAV_2017_Virtual_Challenge/install/imav_2017/share/imav_2017//urdf/quadrotor_simple_controller.urdf.xacro
-- Up-to-date symlink: /mnt/d/IMAV_2017_Virtual_Challenge/install/imav_2017/share/imav_2017//urdf/sensors/generic_camera.urdf.xacro
-- Up-to-date symlink: /mnt/d/IMAV_2017_Virtual_Challenge/install/imav_2017/share/imav_2017//urdf/sensors/hokuyo_utm30lx.urdf.xacro
-- Up-to-date symlink: /mnt/d/IMAV_2017_Virtual_Challenge/install/imav_2017/share/imav_2017//urdf/sensors/quadrotor_sensors.urdf.xacro
-- Up-to-date symlink: /mnt/d/IMAV_2017_Virtual_Challenge/install/imav_2017/share/imav_2017//urdf/sensors/sonar_sensor.urdf.xacro
-- Up-to-date symlink: /mnt/d/IMAV_2017_Virtual_Challenge/install/imav_2017/share/imav_2017//urdf/spawnrobot.sh
-- Up-to-date symlink: /mnt/d/IMAV_2017_Virtual_Challenge/install/imav_2017/share/imav_2017//worlds/ardrone_testworld.world
-- Up-to-date symlink: /mnt/d/IMAV_2017_Virtual_Challenge/install/imav_2017/share/imav_2017//worlds/imav_indoor.world
-- Up-to-date symlink: /mnt/d/IMAV_2017_Virtual_Challenge/install/imav_2017/share/imav_2017//worlds/xacro/custom.material
-- Up-to-date symlink: /mnt/d/IMAV_2017_Virtual_Challenge/install/imav_2017/share/imav_2017//worlds/xacro/helipad1.jpg
-- Up-to-date symlink: /mnt/d/IMAV_2017_Virtual_Challenge/install/imav_2017/share/imav_2017//worlds/xacro/imav2017_logo_cfp.png
-- Up-to-date symlink: /mnt/d/IMAV_2017_Virtual_Challenge/install/imav_2017/share/imav_2017//worlds/xacro/imav_indoor.world.xacro
-- Up-to-date symlink: /mnt/d/IMAV_2017_Virtual_Challenge/install/imav_2017/share/imav_2017//worlds/xacro/macros.urdf.xacro
-- Up-to-date symlink: /mnt/d/IMAV_2017_Virtual_Challenge/install/imav_2017/share/imav_2017//worlds/xacro/mathworks_logo1.png
-- Up-to-date symlink: /mnt/d/IMAV_2017_Virtual_Challenge/install/imav_2017/share/imav_2017//worlds/xacro/mathworks_logo2.jpg
-- Up-to-date symlink: /mnt/d/IMAV_2017_Virtual_Challenge/install/imav_2017/share/imav_2017//worlds/xacro/qrcode_text.png
-- Up-to-date symlink: /mnt/d/IMAV_2017_Virtual_Challenge/install/imav_2017/share/imav_2017//worlds/xacro/qrcode_url.png
-- Up-to-date symlink: /mnt/d/IMAV_2017_Virtual_Challenge/install/imav_2017/share/imav_2017//worlds/xacro/tree1.dae
-- Up-to-date symlink: /mnt/d/IMAV_2017_Virtual_Challenge/install/imav_2017/share/imav_2017//worlds/xacro/tree1.obj
-- Up-to-date symlink: /mnt/d/IMAV_2017_Virtual_Challenge/install/imav_2017/share/imav_2017//worlds/xacro/wall.dae
-- Up-to-date symlink: /mnt/d/IMAV_2017_Virtual_Challenge/install/imav_2017/share/imav_2017//worlds/xacro/x1.jpg
-- Up-to-date symlink: /mnt/d/IMAV_2017_Virtual_Challenge/install/imav_2017/share/imav_2017//worlds/xacro/x1.png
-- Up-to-date symlink: /mnt/d/IMAV_2017_Virtual_Challenge/install/imav_2017/share/imav_2017//meshes/hokuyo_utm30lx/blender/hokuyo_utm30lx.blend
-- Up-to-date symlink: /mnt/d/IMAV_2017_Virtual_Challenge/install/imav_2017/share/imav_2017//meshes/hokuyo_utm30lx/hokuyo_utm_30lx.dae
-- Up-to-date symlink: /mnt/d/IMAV_2017_Virtual_Challenge/install/imav_2017/share/imav_2017//meshes/hokuyo_utm30lx/hokuyo_utm_30lx.stl
-- Up-to-date symlink: /mnt/d/IMAV_2017_Virtual_Challenge/install/imav_2017/share/imav_2017//meshes/hokuyo_utm30lx/hokuyo_utm_30lxTEST_SELF_FILTER.dae
-- Up-to-date symlink: /mnt/d/IMAV_2017_Virtual_Challenge/install/imav_2017/share/imav_2017//meshes/kinect_camera/kinect_camera_simple.dae
-- Up-to-date symlink: /mnt/d/IMAV_2017_Virtual_Challenge/install/imav_2017/share/imav_2017//meshes/kinect_camera/kinect_camera_simple.stl
-- Up-to-date symlink: /mnt/d/IMAV_2017_Virtual_Challenge/install/imav_2017/share/imav_2017//meshes/quadrotor/blender/quadrotor_2.blend
-- Up-to-date symlink: /mnt/d/IMAV_2017_Virtual_Challenge/install/imav_2017/share/imav_2017//meshes/quadrotor/blender/quadrotor_2.blend1
-- Up-to-date symlink: /mnt/d/IMAV_2017_Virtual_Challenge/install/imav_2017/share/imav_2017//meshes/quadrotor/blender/quadrotor_3.blend1
-- Up-to-date symlink: /mnt/d/IMAV_2017_Virtual_Challenge/install/imav_2017/share/imav_2017//meshes/quadrotor/blender/quadrotor_CAD.blend
-- Up-to-date symlink: /mnt/d/IMAV_2017_Virtual_Challenge/install/imav_2017/share/imav_2017//meshes/quadrotor/blender/quadrotor_CAD2.blend
-- Up-to-date symlink: /mnt/d/IMAV_2017_Virtual_Challenge/install/imav_2017/share/imav_2017//meshes/quadrotor/blender/quadrotor_CAD2.blend1
-- Up-to-date symlink: /mnt/d/IMAV_2017_Virtual_Challenge/install/imav_2017/share/imav_2017//meshes/quadrotor/blender/quadrotor_CAD2.blend2
-- Up-to-date symlink: /mnt/d/IMAV_2017_Virtual_Challenge/install/imav_2017/share/imav_2017//meshes/quadrotor/blender/quadrotor_base.blend
-- Up-to-date symlink: /mnt/d/IMAV_2017_Virtual_Challenge/install/imav_2017/share/imav_2017//meshes/quadrotor/quadrotor_2.dae
-- Up-to-date symlink: /mnt/d/IMAV_2017_Virtual_Challenge/install/imav_2017/share/imav_2017//meshes/quadrotor/quadrotor_2.stl
-- Up-to-date symlink: /mnt/d/IMAV_2017_Virtual_Challenge/install/imav_2017/share/imav_2017//meshes/quadrotor/quadrotor_3.dae
-- Up-to-date symlink: /mnt/d/IMAV_2017_Virtual_Challenge/install/imav_2017/share/imav_2017//meshes/quadrotor/quadrotor_3.stl
-- Up-to-date symlink: /mnt/d/IMAV_2017_Virtual_Challenge/install/imav_2017/share/imav_2017//meshes/quadrotor/quadrotor_4.dae
-- Up-to-date symlink: /mnt/d/IMAV_2017_Virtual_Challenge/install/imav_2017/share/imav_2017//meshes/quadrotor/quadrotor_4.stl
-- Up-to-date symlink: /mnt/d/IMAV_2017_Virtual_Challenge/install/imav_2017/share/imav_2017//meshes/quadrotor/quadrotor_base.dae
-- Up-to-date symlink: /mnt/d/IMAV_2017_Virtual_Challenge/install/imav_2017/share/imav_2017//meshes/quadrotor/quadrotor_base.stl
-- Up-to-date symlink: /mnt/d/IMAV_2017_Virtual_Challenge/install/imav_2017/share/imav_2017//meshes/sonar_sensor/blender/max_sonar_ez4.blend
-- Up-to-date symlink: /mnt/d/IMAV_2017_Virtual_Challenge/install/imav_2017/share/imav_2017//meshes/sonar_sensor/max_sonar_ez4.dae
-- Up-to-date symlink: /mnt/d/IMAV_2017_Virtual_Challenge/install/imav_2017/share/imav_2017//meshes/thermaleye_camera/thermaleye_camera_hector_v1.dae
-- Up-to-date symlink: /mnt/d/IMAV_2017_Virtual_Challenge/install/imav_2017/share/imav_2017//meshes/thermaleye_camera/thermaleye_camera_hector_v1.stl
-- Up-to-date symlink: /mnt/d/IMAV_2017_Virtual_Challenge/install/imav_2017/share/imav_2017//meshes/thermaleye_camera/thermaleye_camera_hector_v2.dae
-- Up-to-date symlink: /mnt/d/IMAV_2017_Virtual_Challenge/install/imav_2017/share/imav_2017//meshes/thermaleye_camera/thermaleye_camera_hector_v2.stl
-- Up-to-date symlink: /mnt/d/IMAV_2017_Virtual_Challenge/install/imav_2017/lib/imav_2017/ps2cmd_vel.py
-- Up-to-date symlink: /mnt/d/IMAV_2017_Virtual_Challenge/install/imav_2017/share/ament_index/resource_index/package_run_dependencies/imav_2017
-- Up-to-date symlink: /mnt/d/IMAV_2017_Virtual_Challenge/install/imav_2017/share/ament_index/resource_index/parent_prefix_path/imav_2017
-- Up-to-date symlink: /mnt/d/IMAV_2017_Virtual_Challenge/install/imav_2017/share/imav_2017/environment/ament_prefix_path.sh
-- Up-to-date symlink: /mnt/d/IMAV_2017_Virtual_Challenge/install/imav_2017/share/imav_2017/environment/ament_prefix_path.dsv
-- Up-to-date symlink: /mnt/d/IMAV_2017_Virtual_Challenge/install/imav_2017/share/imav_2017/environment/path.sh
-- Up-to-date symlink: /mnt/d/IMAV_2017_Virtual_Challenge/install/imav_2017/share/imav_2017/environment/path.dsv
-- Up-to-date symlink: /mnt/d/IMAV_2017_Virtual_Challenge/install/imav_2017/share/imav_2017/local_setup.bash
-- Up-to-date symlink: /mnt/d/IMAV_2017_Virtual_Challenge/install/imav_2017/share/imav_2017/local_setup.sh
-- Up-to-date symlink: /mnt/d/IMAV_2017_Virtual_Challenge/install/imav_2017/share/imav_2017/local_setup.zsh
-- Up-to-date symlink: /mnt/d/IMAV_2017_Virtual_Challenge/install/imav_2017/share/imav_2017/local_setup.dsv
-- Symlinking: /mnt/d/IMAV_2017_Virtual_Challenge/install/imav_2017/share/imav_2017/package.dsv
-- Up-to-date symlink: /mnt/d/IMAV_2017_Virtual_Challenge/install/imav_2017/share/ament_index/resource_index/packages/imav_2017
-- Up-to-date symlink: /mnt/d/IMAV_2017_Virtual_Challenge/install/imav_2017/share/imav_2017/cmake/imav_2017Config.cmake
-- Up-to-date symlink: /mnt/d/IMAV_2017_Virtual_Challenge/install/imav_2017/share/imav_2017/cmake/imav_2017Config-version.cmake
-- Up-to-date symlink: /mnt/d/IMAV_2017_Virtual_Challenge/install/imav_2017/share/imav_2017/package.xml
