[0.278s] Invoking command in '/mnt/d/IMAV_2017_Virtual_Challenge/build/imav_2017': CMAKE_PREFIX_PATH=/opt/ros/humble /usr/bin/cmake --build /mnt/d/IMAV_2017_Virtual_Challenge/build/imav_2017 -- -j16 -l16
[0.703s] Invoked command in '/mnt/d/IMAV_2017_Virtual_Challenge/build/imav_2017' returned '0': CMAKE_PREFIX_PATH=/opt/ros/humble /usr/bin/cmake --build /mnt/d/IMAV_2017_Virtual_Challenge/build/imav_2017 -- -j16 -l16
[0.857s] Invoking command in '/mnt/d/IMAV_2017_Virtual_Challenge/build/imav_2017': CMAKE_PREFIX_PATH=/opt/ros/humble /usr/bin/cmake --install /mnt/d/IMAV_2017_Virtual_Challenge/build/imav_2017
[0.906s] -- Install configuration: ""
[0.958s] -- Execute custom install script
[1.164s] -- Up-to-date symlink: /mnt/d/IMAV_2017_Virtual_Challenge/install/imav_2017/share/imav_2017//launch/imav_indoor.launch
[1.294s] -- Up-to-date symlink: /mnt/d/IMAV_2017_Virtual_Challenge/install/imav_2017/share/imav_2017//launch/imav_indoor.py
[1.430s] -- Up-to-date symlink: /mnt/d/IMAV_2017_Virtual_Challenge/install/imav_2017/share/imav_2017//launch/spawn_quadrotor.launch
[1.570s] -- Up-to-date symlink: /mnt/d/IMAV_2017_Virtual_Challenge/install/imav_2017/share/imav_2017//launch/spawn_quadrotor.py
[1.866s] -- Up-to-date symlink: /mnt/d/IMAV_2017_Virtual_Challenge/install/imav_2017/share/imav_2017//urdf/quadrotor.urdf.xacro
[2.030s] -- Up-to-date symlink: /mnt/d/IMAV_2017_Virtual_Challenge/install/imav_2017/share/imav_2017//urdf/quadrotor_base.urdf.xacro
[2.173s] -- Up-to-date symlink: /mnt/d/IMAV_2017_Virtual_Challenge/install/imav_2017/share/imav_2017//urdf/quadrotor_simple_controller.urdf.xacro
[2.338s] -- Up-to-date symlink: /mnt/d/IMAV_2017_Virtual_Challenge/install/imav_2017/share/imav_2017//urdf/sensors/generic_camera.urdf.xacro
[2.503s] -- Up-to-date symlink: /mnt/d/IMAV_2017_Virtual_Challenge/install/imav_2017/share/imav_2017//urdf/sensors/hokuyo_utm30lx.urdf.xacro
[2.667s] -- Up-to-date symlink: /mnt/d/IMAV_2017_Virtual_Challenge/install/imav_2017/share/imav_2017//urdf/sensors/quadrotor_sensors.urdf.xacro
[2.866s] -- Up-to-date symlink: /mnt/d/IMAV_2017_Virtual_Challenge/install/imav_2017/share/imav_2017//urdf/sensors/sonar_sensor.urdf.xacro
[3.010s] -- Up-to-date symlink: /mnt/d/IMAV_2017_Virtual_Challenge/install/imav_2017/share/imav_2017//urdf/spawnrobot.sh
[3.485s] -- Up-to-date symlink: /mnt/d/IMAV_2017_Virtual_Challenge/install/imav_2017/share/imav_2017//worlds/ardrone_testworld.world
[3.613s] -- Up-to-date symlink: /mnt/d/IMAV_2017_Virtual_Challenge/install/imav_2017/share/imav_2017//worlds/imav_indoor.world
[3.787s] -- Up-to-date symlink: /mnt/d/IMAV_2017_Virtual_Challenge/install/imav_2017/share/imav_2017//worlds/xacro/custom.material
[3.976s] -- Up-to-date symlink: /mnt/d/IMAV_2017_Virtual_Challenge/install/imav_2017/share/imav_2017//worlds/xacro/helipad1.jpg
[4.146s] -- Up-to-date symlink: /mnt/d/IMAV_2017_Virtual_Challenge/install/imav_2017/share/imav_2017//worlds/xacro/imav2017_logo_cfp.png
[4.321s] -- Up-to-date symlink: /mnt/d/IMAV_2017_Virtual_Challenge/install/imav_2017/share/imav_2017//worlds/xacro/imav_indoor.world.xacro
[4.498s] -- Up-to-date symlink: /mnt/d/IMAV_2017_Virtual_Challenge/install/imav_2017/share/imav_2017//worlds/xacro/macros.urdf.xacro
[4.676s] -- Up-to-date symlink: /mnt/d/IMAV_2017_Virtual_Challenge/install/imav_2017/share/imav_2017//worlds/xacro/mathworks_logo1.png
[4.856s] -- Up-to-date symlink: /mnt/d/IMAV_2017_Virtual_Challenge/install/imav_2017/share/imav_2017//worlds/xacro/mathworks_logo2.jpg
[5.051s] -- Up-to-date symlink: /mnt/d/IMAV_2017_Virtual_Challenge/install/imav_2017/share/imav_2017//worlds/xacro/qrcode_text.png
[5.238s] -- Up-to-date symlink: /mnt/d/IMAV_2017_Virtual_Challenge/install/imav_2017/share/imav_2017//worlds/xacro/qrcode_url.png
[5.398s] -- Up-to-date symlink: /mnt/d/IMAV_2017_Virtual_Challenge/install/imav_2017/share/imav_2017//worlds/xacro/tree1.dae
[5.548s] -- Up-to-date symlink: /mnt/d/IMAV_2017_Virtual_Challenge/install/imav_2017/share/imav_2017//worlds/xacro/tree1.obj
[5.727s] -- Up-to-date symlink: /mnt/d/IMAV_2017_Virtual_Challenge/install/imav_2017/share/imav_2017//worlds/xacro/wall.dae
[5.911s] -- Up-to-date symlink: /mnt/d/IMAV_2017_Virtual_Challenge/install/imav_2017/share/imav_2017//worlds/xacro/x1.jpg
[6.113s] -- Up-to-date symlink: /mnt/d/IMAV_2017_Virtual_Challenge/install/imav_2017/share/imav_2017//worlds/xacro/x1.png
[7.084s] -- Up-to-date symlink: /mnt/d/IMAV_2017_Virtual_Challenge/install/imav_2017/share/imav_2017//meshes/hokuyo_utm30lx/blender/hokuyo_utm30lx.blend
[7.257s] -- Up-to-date symlink: /mnt/d/IMAV_2017_Virtual_Challenge/install/imav_2017/share/imav_2017//meshes/hokuyo_utm30lx/hokuyo_utm_30lx.dae
[7.378s] -- Up-to-date symlink: /mnt/d/IMAV_2017_Virtual_Challenge/install/imav_2017/share/imav_2017//meshes/hokuyo_utm30lx/hokuyo_utm_30lx.stl
[7.538s] -- Up-to-date symlink: /mnt/d/IMAV_2017_Virtual_Challenge/install/imav_2017/share/imav_2017//meshes/hokuyo_utm30lx/hokuyo_utm_30lxTEST_SELF_FILTER.dae
[7.705s] -- Up-to-date symlink: /mnt/d/IMAV_2017_Virtual_Challenge/install/imav_2017/share/imav_2017//meshes/kinect_camera/kinect_camera_simple.dae
[7.854s] -- Up-to-date symlink: /mnt/d/IMAV_2017_Virtual_Challenge/install/imav_2017/share/imav_2017//meshes/kinect_camera/kinect_camera_simple.stl
[8.051s] -- Up-to-date symlink: /mnt/d/IMAV_2017_Virtual_Challenge/install/imav_2017/share/imav_2017//meshes/quadrotor/blender/quadrotor_2.blend
[8.260s] -- Up-to-date symlink: /mnt/d/IMAV_2017_Virtual_Challenge/install/imav_2017/share/imav_2017//meshes/quadrotor/blender/quadrotor_2.blend1
[8.480s] -- Up-to-date symlink: /mnt/d/IMAV_2017_Virtual_Challenge/install/imav_2017/share/imav_2017//meshes/quadrotor/blender/quadrotor_3.blend1
[8.712s] -- Up-to-date symlink: /mnt/d/IMAV_2017_Virtual_Challenge/install/imav_2017/share/imav_2017//meshes/quadrotor/blender/quadrotor_CAD.blend
[8.934s] -- Up-to-date symlink: /mnt/d/IMAV_2017_Virtual_Challenge/install/imav_2017/share/imav_2017//meshes/quadrotor/blender/quadrotor_CAD2.blend
[9.152s] -- Up-to-date symlink: /mnt/d/IMAV_2017_Virtual_Challenge/install/imav_2017/share/imav_2017//meshes/quadrotor/blender/quadrotor_CAD2.blend1
[9.366s] -- Up-to-date symlink: /mnt/d/IMAV_2017_Virtual_Challenge/install/imav_2017/share/imav_2017//meshes/quadrotor/blender/quadrotor_CAD2.blend2
[9.581s] -- Up-to-date symlink: /mnt/d/IMAV_2017_Virtual_Challenge/install/imav_2017/share/imav_2017//meshes/quadrotor/blender/quadrotor_base.blend
[9.764s] -- Up-to-date symlink: /mnt/d/IMAV_2017_Virtual_Challenge/install/imav_2017/share/imav_2017//meshes/quadrotor/quadrotor_2.dae
[9.932s] -- Up-to-date symlink: /mnt/d/IMAV_2017_Virtual_Challenge/install/imav_2017/share/imav_2017//meshes/quadrotor/quadrotor_2.stl
[10.108s] -- Up-to-date symlink: /mnt/d/IMAV_2017_Virtual_Challenge/install/imav_2017/share/imav_2017//meshes/quadrotor/quadrotor_3.dae
[10.282s] -- Up-to-date symlink: /mnt/d/IMAV_2017_Virtual_Challenge/install/imav_2017/share/imav_2017//meshes/quadrotor/quadrotor_3.stl
[10.457s] -- Up-to-date symlink: /mnt/d/IMAV_2017_Virtual_Challenge/install/imav_2017/share/imav_2017//meshes/quadrotor/quadrotor_4.dae
[10.621s] -- Up-to-date symlink: /mnt/d/IMAV_2017_Virtual_Challenge/install/imav_2017/share/imav_2017//meshes/quadrotor/quadrotor_4.stl
[10.791s] -- Up-to-date symlink: /mnt/d/IMAV_2017_Virtual_Challenge/install/imav_2017/share/imav_2017//meshes/quadrotor/quadrotor_base.dae
[10.960s] -- Up-to-date symlink: /mnt/d/IMAV_2017_Virtual_Challenge/install/imav_2017/share/imav_2017//meshes/quadrotor/quadrotor_base.stl
[11.176s] -- Up-to-date symlink: /mnt/d/IMAV_2017_Virtual_Challenge/install/imav_2017/share/imav_2017//meshes/sonar_sensor/blender/max_sonar_ez4.blend
[11.343s] -- Up-to-date symlink: /mnt/d/IMAV_2017_Virtual_Challenge/install/imav_2017/share/imav_2017//meshes/sonar_sensor/max_sonar_ez4.dae
[11.516s] -- Up-to-date symlink: /mnt/d/IMAV_2017_Virtual_Challenge/install/imav_2017/share/imav_2017//meshes/thermaleye_camera/thermaleye_camera_hector_v1.dae
[11.696s] -- Up-to-date symlink: /mnt/d/IMAV_2017_Virtual_Challenge/install/imav_2017/share/imav_2017//meshes/thermaleye_camera/thermaleye_camera_hector_v1.stl
[11.872s] -- Up-to-date symlink: /mnt/d/IMAV_2017_Virtual_Challenge/install/imav_2017/share/imav_2017//meshes/thermaleye_camera/thermaleye_camera_hector_v2.dae
[12.045s] -- Up-to-date symlink: /mnt/d/IMAV_2017_Virtual_Challenge/install/imav_2017/share/imav_2017//meshes/thermaleye_camera/thermaleye_camera_hector_v2.stl
[12.159s] -- Up-to-date symlink: /mnt/d/IMAV_2017_Virtual_Challenge/install/imav_2017/lib/imav_2017/ps2cmd_vel.py
[12.425s] -- Up-to-date symlink: /mnt/d/IMAV_2017_Virtual_Challenge/install/imav_2017/share/ament_index/resource_index/package_run_dependencies/imav_2017
[12.693s] -- Up-to-date symlink: /mnt/d/IMAV_2017_Virtual_Challenge/install/imav_2017/share/ament_index/resource_index/parent_prefix_path/imav_2017
[12.808s] -- Up-to-date symlink: /mnt/d/IMAV_2017_Virtual_Challenge/install/imav_2017/share/imav_2017/environment/ament_prefix_path.sh
[12.972s] -- Up-to-date symlink: /mnt/d/IMAV_2017_Virtual_Challenge/install/imav_2017/share/imav_2017/environment/ament_prefix_path.dsv
[13.108s] -- Up-to-date symlink: /mnt/d/IMAV_2017_Virtual_Challenge/install/imav_2017/share/imav_2017/environment/path.sh
[13.245s] -- Up-to-date symlink: /mnt/d/IMAV_2017_Virtual_Challenge/install/imav_2017/share/imav_2017/environment/path.dsv
[13.352s] -- Up-to-date symlink: /mnt/d/IMAV_2017_Virtual_Challenge/install/imav_2017/share/imav_2017/local_setup.bash
[13.451s] -- Up-to-date symlink: /mnt/d/IMAV_2017_Virtual_Challenge/install/imav_2017/share/imav_2017/local_setup.sh
[13.545s] -- Up-to-date symlink: /mnt/d/IMAV_2017_Virtual_Challenge/install/imav_2017/share/imav_2017/local_setup.zsh
[13.646s] -- Up-to-date symlink: /mnt/d/IMAV_2017_Virtual_Challenge/install/imav_2017/share/imav_2017/local_setup.dsv
[13.705s] -- Symlinking: /mnt/d/IMAV_2017_Virtual_Challenge/install/imav_2017/share/imav_2017/package.dsv
[14.152s] -- Up-to-date symlink: /mnt/d/IMAV_2017_Virtual_Challenge/install/imav_2017/share/ament_index/resource_index/packages/imav_2017
[14.298s] -- Up-to-date symlink: /mnt/d/IMAV_2017_Virtual_Challenge/install/imav_2017/share/imav_2017/cmake/imav_2017Config.cmake
[14.431s] -- Up-to-date symlink: /mnt/d/IMAV_2017_Virtual_Challenge/install/imav_2017/share/imav_2017/cmake/imav_2017Config-version.cmake
[14.542s] -- Up-to-date symlink: /mnt/d/IMAV_2017_Virtual_Challenge/install/imav_2017/share/imav_2017/package.xml
[14.573s] Invoked command in '/mnt/d/IMAV_2017_Virtual_Challenge/build/imav_2017' returned '0': CMAKE_PREFIX_PATH=/opt/ros/humble /usr/bin/cmake --install /mnt/d/IMAV_2017_Virtual_Challenge/build/imav_2017
