[0.911s] DEBUG:colcon:Command line arguments: ['/usr/bin/colcon', 'build', '--symlink-install']
[0.912s] DEBUG:colcon:Parsed command line arguments: Namespace(log_base=None, log_level=None, verb_name='build', build_base='build', install_base='install', merge_install=False, symlink_install=True, test_result_base=None, continue_on_error=False, executor='parallel', parallel_workers=16, event_handlers=None, ignore_user_meta=False, metas=['./colcon.meta'], base_paths=['.'], packages_ignore=None, packages_ignore_regex=None, paths=None, packages_up_to=None, packages_up_to_regex=None, packages_above=None, packages_above_and_dependencies=None, packages_above_depth=None, packages_select_by_dep=None, packages_skip_by_dep=None, packages_skip_up_to=None, packages_select_build_failed=False, packages_skip_build_finished=False, packages_select_test_failures=False, packages_skip_test_passed=False, packages_select=None, packages_skip=None, packages_select_regex=None, packages_skip_regex=None, packages_start=None, packages_end=None, allow_overriding=[], cmake_args=None, cmake_target=None, cmake_target_skip_unavailable=False, cmake_clean_cache=False, cmake_clean_first=False, cmake_force_configure=False, ament_cmake_args=None, catkin_cmake_args=None, catkin_skip_building_tests=False, verb_parser=<colcon_defaults.argument_parser.defaults.DefaultArgumentsDecorator object at 0x7ced2c65a3e0>, verb_extension=<colcon_core.verb.build.BuildVerb object at 0x7ced2c6595a0>, main=<bound method BuildVerb.main of <colcon_core.verb.build.BuildVerb object at 0x7ced2c6595a0>>)
[1.071s] Level 1:colcon.colcon_core.package_discovery:discover_packages(colcon_meta) check parameters
[1.072s] Level 1:colcon.colcon_core.package_discovery:discover_packages(recursive) check parameters
[1.073s] Level 1:colcon.colcon_core.package_discovery:discover_packages(ignore) check parameters
[1.073s] Level 1:colcon.colcon_core.package_discovery:discover_packages(path) check parameters
[1.074s] Level 1:colcon.colcon_core.package_discovery:discover_packages(colcon_meta) discover
[1.074s] Level 1:colcon.colcon_core.package_discovery:discover_packages(recursive) discover
[1.075s] INFO:colcon.colcon_core.package_discovery:Crawling recursively for packages in '/mnt/d/IMAV_2017_Virtual_Challenge'
[1.081s] Level 1:colcon.colcon_core.package_identification:_identify(.) by extensions ['ignore', 'ignore_ament_install']
[1.082s] Level 1:colcon.colcon_core.package_identification:_identify(.) by extension 'ignore'
[1.083s] Level 1:colcon.colcon_core.package_identification:_identify(.) by extension 'ignore_ament_install'
[1.085s] Level 1:colcon.colcon_core.package_identification:_identify(.) by extensions ['colcon_pkg']
[1.085s] Level 1:colcon.colcon_core.package_identification:_identify(.) by extension 'colcon_pkg'
[1.086s] Level 1:colcon.colcon_core.package_identification:_identify(.) by extensions ['colcon_meta']
[1.087s] Level 1:colcon.colcon_core.package_identification:_identify(.) by extension 'colcon_meta'
[1.087s] Level 1:colcon.colcon_core.package_identification:_identify(.) by extensions ['ros']
[1.088s] Level 1:colcon.colcon_core.package_identification:_identify(.) by extension 'ros'
[1.113s] DEBUG:colcon.colcon_core.package_identification:Package '.' with type 'ros.ament_cmake' and name 'imav_2017'
[1.114s] Level 1:colcon.colcon_core.package_discovery:discover_packages(recursive) using defaults
[1.114s] Level 1:colcon.colcon_core.package_discovery:discover_packages(ignore) discover
[1.115s] Level 1:colcon.colcon_core.package_discovery:discover_packages(ignore) using defaults
[1.115s] Level 1:colcon.colcon_core.package_discovery:discover_packages(path) discover
[1.116s] Level 1:colcon.colcon_core.package_discovery:discover_packages(path) using defaults
[1.162s] Level 1:colcon.colcon_core.package_discovery:discover_packages(prefix_path) check parameters
[1.162s] Level 1:colcon.colcon_core.package_discovery:discover_packages(prefix_path) discover
[1.168s] DEBUG:colcon.colcon_installed_package_information.package_discovery:Found 295 installed packages in /opt/ros/humble
[1.172s] Level 1:colcon.colcon_core.package_discovery:discover_packages(prefix_path) using defaults
[1.275s] Level 5:colcon.colcon_core.verb:set package 'imav_2017' build argument 'cmake_args' from command line to 'None'
[1.276s] Level 5:colcon.colcon_core.verb:set package 'imav_2017' build argument 'cmake_target' from command line to 'None'
[1.277s] Level 5:colcon.colcon_core.verb:set package 'imav_2017' build argument 'cmake_target_skip_unavailable' from command line to 'False'
[1.277s] Level 5:colcon.colcon_core.verb:set package 'imav_2017' build argument 'cmake_clean_cache' from command line to 'False'
[1.278s] Level 5:colcon.colcon_core.verb:set package 'imav_2017' build argument 'cmake_clean_first' from command line to 'False'
[1.278s] Level 5:colcon.colcon_core.verb:set package 'imav_2017' build argument 'cmake_force_configure' from command line to 'False'
[1.279s] Level 5:colcon.colcon_core.verb:set package 'imav_2017' build argument 'ament_cmake_args' from command line to 'None'
[1.279s] Level 5:colcon.colcon_core.verb:set package 'imav_2017' build argument 'catkin_cmake_args' from command line to 'None'
[1.279s] Level 5:colcon.colcon_core.verb:set package 'imav_2017' build argument 'catkin_skip_building_tests' from command line to 'False'
[1.280s] DEBUG:colcon.colcon_core.verb:Building package 'imav_2017' with the following arguments: {'ament_cmake_args': None, 'build_base': '/mnt/d/IMAV_2017_Virtual_Challenge/build/imav_2017', 'catkin_cmake_args': None, 'catkin_skip_building_tests': False, 'cmake_args': None, 'cmake_clean_cache': False, 'cmake_clean_first': False, 'cmake_force_configure': False, 'cmake_target': None, 'cmake_target_skip_unavailable': False, 'install_base': '/mnt/d/IMAV_2017_Virtual_Challenge/install/imav_2017', 'merge_install': False, 'path': '/mnt/d/IMAV_2017_Virtual_Challenge', 'symlink_install': True, 'test_result_base': None}
[1.281s] INFO:colcon.colcon_core.executor:Executing jobs using 'parallel' executor
[1.284s] DEBUG:colcon.colcon_parallel_executor.executor.parallel:run_until_complete
[1.285s] INFO:colcon.colcon_ros.task.ament_cmake.build:Building ROS package in '/mnt/d/IMAV_2017_Virtual_Challenge' with build type 'ament_cmake'
[1.285s] INFO:colcon.colcon_cmake.task.cmake.build:Building CMake package in '/mnt/d/IMAV_2017_Virtual_Challenge'
[1.292s] INFO:colcon.colcon_core.plugin_system:Skipping extension 'colcon_core.shell.bat': Not used on non-Windows systems
[1.293s] INFO:colcon.colcon_core.shell:Skip shell extension 'powershell' for command environment: Not usable outside of PowerShell
[1.294s] DEBUG:colcon.colcon_core.shell:Skip shell extension 'dsv' for command environment
[1.427s] DEBUG:colcon.colcon_core.event_handler.log_command:Invoking command in '/mnt/d/IMAV_2017_Virtual_Challenge/build/imav_2017': CMAKE_PREFIX_PATH=/opt/ros/humble /usr/bin/cmake --build /mnt/d/IMAV_2017_Virtual_Challenge/build/imav_2017 -- -j16 -l16
[4.885s] DEBUG:colcon.colcon_core.event_handler.log_command:Invoked command in '/mnt/d/IMAV_2017_Virtual_Challenge/build/imav_2017' returned '0': CMAKE_PREFIX_PATH=/opt/ros/humble /usr/bin/cmake --build /mnt/d/IMAV_2017_Virtual_Challenge/build/imav_2017 -- -j16 -l16
[4.959s] DEBUG:colcon.colcon_core.event_handler.log_command:Invoking command in '/mnt/d/IMAV_2017_Virtual_Challenge/build/imav_2017': CMAKE_PREFIX_PATH=/opt/ros/humble /usr/bin/cmake --install /mnt/d/IMAV_2017_Virtual_Challenge/build/imav_2017
[17.477s] Level 1:colcon.colcon_core.environment:create_environment_scripts_only(imav_2017)
[17.486s] Level 1:colcon.colcon_core.environment:checking '/mnt/d/IMAV_2017_Virtual_Challenge/install/imav_2017' for CMake module files
[17.489s] DEBUG:colcon.colcon_core.event_handler.log_command:Invoked command in '/mnt/d/IMAV_2017_Virtual_Challenge/build/imav_2017' returned '0': CMAKE_PREFIX_PATH=/opt/ros/humble /usr/bin/cmake --install /mnt/d/IMAV_2017_Virtual_Challenge/build/imav_2017
[18.057s] Level 1:colcon.colcon_core.environment:checking '/mnt/d/IMAV_2017_Virtual_Challenge/install/imav_2017' for CMake config files
[18.704s] Level 1:colcon.colcon_core.shell:create_environment_hook('imav_2017', 'cmake_prefix_path')
[18.706s] INFO:colcon.colcon_core.shell:Creating environment hook '/mnt/d/IMAV_2017_Virtual_Challenge/install/imav_2017/share/imav_2017/hook/cmake_prefix_path.ps1'
[18.760s] INFO:colcon.colcon_core.shell:Creating environment descriptor '/mnt/d/IMAV_2017_Virtual_Challenge/install/imav_2017/share/imav_2017/hook/cmake_prefix_path.dsv'
[18.813s] INFO:colcon.colcon_core.shell:Creating environment hook '/mnt/d/IMAV_2017_Virtual_Challenge/install/imav_2017/share/imav_2017/hook/cmake_prefix_path.sh'
[18.880s] Level 1:colcon.colcon_core.environment:checking '/mnt/d/IMAV_2017_Virtual_Challenge/install/imav_2017/lib'
[18.899s] Level 1:colcon.colcon_core.environment:checking '/mnt/d/IMAV_2017_Virtual_Challenge/install/imav_2017/bin'
[18.904s] Level 1:colcon.colcon_core.environment:checking '/mnt/d/IMAV_2017_Virtual_Challenge/install/imav_2017/lib/pkgconfig/imav_2017.pc'
[18.913s] Level 1:colcon.colcon_core.environment:checking '/mnt/d/IMAV_2017_Virtual_Challenge/install/imav_2017/lib/python3.10/site-packages'
[18.921s] Level 1:colcon.colcon_core.environment:checking '/mnt/d/IMAV_2017_Virtual_Challenge/install/imav_2017/bin'
[18.927s] INFO:colcon.colcon_core.shell:Creating package script '/mnt/d/IMAV_2017_Virtual_Challenge/install/imav_2017/share/imav_2017/package.ps1'
[18.973s] INFO:colcon.colcon_core.shell:Creating package descriptor '/mnt/d/IMAV_2017_Virtual_Challenge/install/imav_2017/share/imav_2017/package.dsv'
[19.029s] INFO:colcon.colcon_core.shell:Creating package script '/mnt/d/IMAV_2017_Virtual_Challenge/install/imav_2017/share/imav_2017/package.sh'
[19.076s] INFO:colcon.colcon_core.shell:Creating package script '/mnt/d/IMAV_2017_Virtual_Challenge/install/imav_2017/share/imav_2017/package.bash'
[19.125s] INFO:colcon.colcon_core.shell:Creating package script '/mnt/d/IMAV_2017_Virtual_Challenge/install/imav_2017/share/imav_2017/package.zsh'
[19.174s] Level 1:colcon.colcon_core.environment:create_file_with_runtime_dependencies(/mnt/d/IMAV_2017_Virtual_Challenge/install/imav_2017/share/colcon-core/packages/imav_2017)
[19.269s] Level 1:colcon.colcon_core.environment:create_environment_scripts_only(imav_2017)
[19.270s] Level 1:colcon.colcon_core.environment:checking '/mnt/d/IMAV_2017_Virtual_Challenge/install/imav_2017' for CMake module files
[19.743s] Level 1:colcon.colcon_core.environment:checking '/mnt/d/IMAV_2017_Virtual_Challenge/install/imav_2017' for CMake config files
[20.146s] Level 1:colcon.colcon_core.shell:create_environment_hook('imav_2017', 'cmake_prefix_path')
[20.148s] INFO:colcon.colcon_core.shell:Creating environment hook '/mnt/d/IMAV_2017_Virtual_Challenge/install/imav_2017/share/imav_2017/hook/cmake_prefix_path.ps1'
[20.205s] INFO:colcon.colcon_core.shell:Creating environment descriptor '/mnt/d/IMAV_2017_Virtual_Challenge/install/imav_2017/share/imav_2017/hook/cmake_prefix_path.dsv'
[20.261s] INFO:colcon.colcon_core.shell:Creating environment hook '/mnt/d/IMAV_2017_Virtual_Challenge/install/imav_2017/share/imav_2017/hook/cmake_prefix_path.sh'
[20.326s] Level 1:colcon.colcon_core.environment:checking '/mnt/d/IMAV_2017_Virtual_Challenge/install/imav_2017/lib'
[20.342s] Level 1:colcon.colcon_core.environment:checking '/mnt/d/IMAV_2017_Virtual_Challenge/install/imav_2017/bin'
[20.347s] Level 1:colcon.colcon_core.environment:checking '/mnt/d/IMAV_2017_Virtual_Challenge/install/imav_2017/lib/pkgconfig/imav_2017.pc'
[20.354s] Level 1:colcon.colcon_core.environment:checking '/mnt/d/IMAV_2017_Virtual_Challenge/install/imav_2017/lib/python3.10/site-packages'
[20.361s] Level 1:colcon.colcon_core.environment:checking '/mnt/d/IMAV_2017_Virtual_Challenge/install/imav_2017/bin'
[20.367s] INFO:colcon.colcon_core.shell:Creating package script '/mnt/d/IMAV_2017_Virtual_Challenge/install/imav_2017/share/imav_2017/package.ps1'
[20.419s] INFO:colcon.colcon_core.shell:Creating package descriptor '/mnt/d/IMAV_2017_Virtual_Challenge/install/imav_2017/share/imav_2017/package.dsv'
[20.469s] INFO:colcon.colcon_core.shell:Creating package script '/mnt/d/IMAV_2017_Virtual_Challenge/install/imav_2017/share/imav_2017/package.sh'
[20.518s] INFO:colcon.colcon_core.shell:Creating package script '/mnt/d/IMAV_2017_Virtual_Challenge/install/imav_2017/share/imav_2017/package.bash'
[20.570s] INFO:colcon.colcon_core.shell:Creating package script '/mnt/d/IMAV_2017_Virtual_Challenge/install/imav_2017/share/imav_2017/package.zsh'
[20.623s] Level 1:colcon.colcon_core.environment:create_file_with_runtime_dependencies(/mnt/d/IMAV_2017_Virtual_Challenge/install/imav_2017/share/colcon-core/packages/imav_2017)
[20.659s] DEBUG:colcon.colcon_parallel_executor.executor.parallel:closing loop
[20.660s] DEBUG:colcon.colcon_parallel_executor.executor.parallel:loop closed
[20.660s] DEBUG:colcon.colcon_parallel_executor.executor.parallel:run_until_complete finished with '0'
[20.661s] DEBUG:colcon.colcon_core.event_reactor:joining thread
[21.110s] INFO:colcon.colcon_core.plugin_system:Skipping extension 'colcon_notification.desktop_notification.notify_send': Could not find 'notify-send'
[21.111s] INFO:colcon.colcon_core.plugin_system:Skipping extension 'colcon_notification.desktop_notification.terminal_notifier': Not used on non-Darwin systems
[21.112s] INFO:colcon.colcon_core.plugin_system:Skipping extension 'colcon_notification.desktop_notification.win32': Not used on non-Windows systems
[21.112s] INFO:colcon.colcon_notification.desktop_notification:Sending desktop notification using 'notify2'
[21.114s] DEBUG:colcon.colcon_notification.desktop_notification.notify2:Failed to initialize notify2: org.freedesktop.DBus.Error.FileNotFound: Failed to connect to socket /run/user/1000/bus: No such file or directory
[21.114s] DEBUG:colcon.colcon_core.event_reactor:joined thread
[21.116s] INFO:colcon.colcon_core.shell:Creating prefix script '/mnt/d/IMAV_2017_Virtual_Challenge/install/local_setup.ps1'
[21.142s] INFO:colcon.colcon_core.shell:Creating prefix util module '/mnt/d/IMAV_2017_Virtual_Challenge/install/_local_setup_util_ps1.py'
[21.164s] INFO:colcon.colcon_core.shell:Creating prefix chain script '/mnt/d/IMAV_2017_Virtual_Challenge/install/setup.ps1'
[21.185s] INFO:colcon.colcon_core.shell:Creating prefix script '/mnt/d/IMAV_2017_Virtual_Challenge/install/local_setup.sh'
[21.205s] INFO:colcon.colcon_core.shell:Creating prefix util module '/mnt/d/IMAV_2017_Virtual_Challenge/install/_local_setup_util_sh.py'
[21.227s] INFO:colcon.colcon_core.shell:Creating prefix chain script '/mnt/d/IMAV_2017_Virtual_Challenge/install/setup.sh'
[21.250s] INFO:colcon.colcon_core.shell:Creating prefix script '/mnt/d/IMAV_2017_Virtual_Challenge/install/local_setup.bash'
[21.271s] INFO:colcon.colcon_core.shell:Creating prefix chain script '/mnt/d/IMAV_2017_Virtual_Challenge/install/setup.bash'
[21.293s] INFO:colcon.colcon_core.shell:Creating prefix script '/mnt/d/IMAV_2017_Virtual_Challenge/install/local_setup.zsh'
[21.312s] INFO:colcon.colcon_core.shell:Creating prefix chain script '/mnt/d/IMAV_2017_Virtual_Challenge/install/setup.zsh'
