[2.310s] DEBUG:colcon:Command line arguments: ['/usr/bin/colcon', 'build', '--packages-select', 'imav_2017', '--symlink-install']
[2.312s] DEBUG:colcon:Parsed command line arguments: Namespace(log_base=None, log_level=None, verb_name='build', build_base='build', install_base='install', merge_install=False, symlink_install=True, test_result_base=None, continue_on_error=False, executor='parallel', parallel_workers=16, event_handlers=None, ignore_user_meta=False, metas=['./colcon.meta'], base_paths=['.'], packages_ignore=None, packages_ignore_regex=None, paths=None, packages_up_to=None, packages_up_to_regex=None, packages_above=None, packages_above_and_dependencies=None, packages_above_depth=None, packages_select_by_dep=None, packages_skip_by_dep=None, packages_skip_up_to=None, packages_select_build_failed=False, packages_skip_build_finished=False, packages_select_test_failures=False, packages_skip_test_passed=False, packages_select=['imav_2017'], packages_skip=None, packages_select_regex=None, packages_skip_regex=None, packages_start=None, packages_end=None, allow_overriding=[], cmake_args=None, cmake_target=None, cmake_target_skip_unavailable=False, cmake_clean_cache=False, cmake_clean_first=False, cmake_force_configure=False, ament_cmake_args=None, catkin_cmake_args=None, catkin_skip_building_tests=False, verb_parser=<colcon_defaults.argument_parser.defaults.DefaultArgumentsDecorator object at 0x7901cb06a440>, verb_extension=<colcon_core.verb.build.BuildVerb object at 0x7901cb069600>, main=<bound method BuildVerb.main of <colcon_core.verb.build.BuildVerb object at 0x7901cb069600>>)
[2.816s] Level 1:colcon.colcon_core.package_discovery:discover_packages(colcon_meta) check parameters
[2.819s] Level 1:colcon.colcon_core.package_discovery:discover_packages(recursive) check parameters
[2.820s] Level 1:colcon.colcon_core.package_discovery:discover_packages(ignore) check parameters
[2.821s] Level 1:colcon.colcon_core.package_discovery:discover_packages(path) check parameters
[2.822s] Level 1:colcon.colcon_core.package_discovery:discover_packages(colcon_meta) discover
[2.823s] Level 1:colcon.colcon_core.package_discovery:discover_packages(recursive) discover
[2.824s] INFO:colcon.colcon_core.package_discovery:Crawling recursively for packages in '/mnt/d/IMAV_2017_Virtual_Challenge'
[2.837s] Level 1:colcon.colcon_core.package_identification:_identify(.) by extensions ['ignore', 'ignore_ament_install']
[2.838s] Level 1:colcon.colcon_core.package_identification:_identify(.) by extension 'ignore'
[2.840s] Level 1:colcon.colcon_core.package_identification:_identify(.) by extension 'ignore_ament_install'
[2.844s] Level 1:colcon.colcon_core.package_identification:_identify(.) by extensions ['colcon_pkg']
[2.845s] Level 1:colcon.colcon_core.package_identification:_identify(.) by extension 'colcon_pkg'
[2.847s] Level 1:colcon.colcon_core.package_identification:_identify(.) by extensions ['colcon_meta']
[2.848s] Level 1:colcon.colcon_core.package_identification:_identify(.) by extension 'colcon_meta'
[2.849s] Level 1:colcon.colcon_core.package_identification:_identify(.) by extensions ['ros']
[2.850s] Level 1:colcon.colcon_core.package_identification:_identify(.) by extension 'ros'
[2.923s] DEBUG:colcon.colcon_core.package_identification:Package '.' with type 'ros.ament_cmake' and name 'imav_2017'
[2.925s] Level 1:colcon.colcon_core.package_discovery:discover_packages(recursive) using defaults
[2.926s] Level 1:colcon.colcon_core.package_discovery:discover_packages(ignore) discover
[2.927s] Level 1:colcon.colcon_core.package_discovery:discover_packages(ignore) using defaults
[2.928s] Level 1:colcon.colcon_core.package_discovery:discover_packages(path) discover
[2.929s] Level 1:colcon.colcon_core.package_discovery:discover_packages(path) using defaults
[3.061s] Level 1:colcon.colcon_core.package_discovery:discover_packages(prefix_path) check parameters
[3.063s] Level 1:colcon.colcon_core.package_discovery:discover_packages(prefix_path) discover
[3.082s] DEBUG:colcon.colcon_installed_package_information.package_discovery:Found 295 installed packages in /opt/ros/humble
[3.090s] Level 1:colcon.colcon_core.package_discovery:discover_packages(prefix_path) using defaults
[3.316s] Level 5:colcon.colcon_core.verb:set package 'imav_2017' build argument 'cmake_args' from command line to 'None'
[3.317s] Level 5:colcon.colcon_core.verb:set package 'imav_2017' build argument 'cmake_target' from command line to 'None'
[3.318s] Level 5:colcon.colcon_core.verb:set package 'imav_2017' build argument 'cmake_target_skip_unavailable' from command line to 'False'
[3.319s] Level 5:colcon.colcon_core.verb:set package 'imav_2017' build argument 'cmake_clean_cache' from command line to 'False'
[3.320s] Level 5:colcon.colcon_core.verb:set package 'imav_2017' build argument 'cmake_clean_first' from command line to 'False'
[3.321s] Level 5:colcon.colcon_core.verb:set package 'imav_2017' build argument 'cmake_force_configure' from command line to 'False'
[3.323s] Level 5:colcon.colcon_core.verb:set package 'imav_2017' build argument 'ament_cmake_args' from command line to 'None'
[3.324s] Level 5:colcon.colcon_core.verb:set package 'imav_2017' build argument 'catkin_cmake_args' from command line to 'None'
[3.325s] Level 5:colcon.colcon_core.verb:set package 'imav_2017' build argument 'catkin_skip_building_tests' from command line to 'False'
[3.326s] DEBUG:colcon.colcon_core.verb:Building package 'imav_2017' with the following arguments: {'ament_cmake_args': None, 'build_base': '/mnt/d/IMAV_2017_Virtual_Challenge/build/imav_2017', 'catkin_cmake_args': None, 'catkin_skip_building_tests': False, 'cmake_args': None, 'cmake_clean_cache': False, 'cmake_clean_first': False, 'cmake_force_configure': False, 'cmake_target': None, 'cmake_target_skip_unavailable': False, 'install_base': '/mnt/d/IMAV_2017_Virtual_Challenge/install/imav_2017', 'merge_install': False, 'path': '/mnt/d/IMAV_2017_Virtual_Challenge', 'symlink_install': True, 'test_result_base': None}
[3.328s] INFO:colcon.colcon_core.executor:Executing jobs using 'parallel' executor
[3.335s] DEBUG:colcon.colcon_parallel_executor.executor.parallel:run_until_complete
[3.337s] INFO:colcon.colcon_ros.task.ament_cmake.build:Building ROS package in '/mnt/d/IMAV_2017_Virtual_Challenge' with build type 'ament_cmake'
[3.339s] INFO:colcon.colcon_cmake.task.cmake.build:Building CMake package in '/mnt/d/IMAV_2017_Virtual_Challenge'
[3.364s] INFO:colcon.colcon_core.plugin_system:Skipping extension 'colcon_core.shell.bat': Not used on non-Windows systems
[3.366s] INFO:colcon.colcon_core.shell:Skip shell extension 'powershell' for command environment: Not usable outside of PowerShell
[3.367s] DEBUG:colcon.colcon_core.shell:Skip shell extension 'dsv' for command environment
[3.658s] DEBUG:colcon.colcon_core.event_handler.log_command:Invoking command in '/mnt/d/IMAV_2017_Virtual_Challenge/build/imav_2017': CMAKE_PREFIX_PATH=/opt/ros/humble /usr/bin/cmake --build /mnt/d/IMAV_2017_Virtual_Challenge/build/imav_2017 -- -j16 -l16
[4.227s] DEBUG:colcon.colcon_core.event_handler.log_command:Invoked command in '/mnt/d/IMAV_2017_Virtual_Challenge/build/imav_2017' returned '0': CMAKE_PREFIX_PATH=/opt/ros/humble /usr/bin/cmake --build /mnt/d/IMAV_2017_Virtual_Challenge/build/imav_2017 -- -j16 -l16
[4.376s] DEBUG:colcon.colcon_core.event_handler.log_command:Invoking command in '/mnt/d/IMAV_2017_Virtual_Challenge/build/imav_2017': CMAKE_PREFIX_PATH=/opt/ros/humble /usr/bin/cmake --install /mnt/d/IMAV_2017_Virtual_Challenge/build/imav_2017
[17.535s] Level 1:colcon.colcon_core.environment:create_environment_scripts_only(imav_2017)
[17.540s] DEBUG:colcon.colcon_core.event_handler.log_command:Invoked command in '/mnt/d/IMAV_2017_Virtual_Challenge/build/imav_2017' returned '0': CMAKE_PREFIX_PATH=/opt/ros/humble /usr/bin/cmake --install /mnt/d/IMAV_2017_Virtual_Challenge/build/imav_2017
[17.558s] Level 1:colcon.colcon_core.environment:checking '/mnt/d/IMAV_2017_Virtual_Challenge/install/imav_2017' for CMake module files
[18.183s] Level 1:colcon.colcon_core.environment:checking '/mnt/d/IMAV_2017_Virtual_Challenge/install/imav_2017' for CMake config files
[18.723s] Level 1:colcon.colcon_core.shell:create_environment_hook('imav_2017', 'cmake_prefix_path')
[18.725s] INFO:colcon.colcon_core.shell:Creating environment hook '/mnt/d/IMAV_2017_Virtual_Challenge/install/imav_2017/share/imav_2017/hook/cmake_prefix_path.ps1'
[18.801s] INFO:colcon.colcon_core.shell:Creating environment descriptor '/mnt/d/IMAV_2017_Virtual_Challenge/install/imav_2017/share/imav_2017/hook/cmake_prefix_path.dsv'
[18.877s] INFO:colcon.colcon_core.shell:Creating environment hook '/mnt/d/IMAV_2017_Virtual_Challenge/install/imav_2017/share/imav_2017/hook/cmake_prefix_path.sh'
[18.973s] Level 1:colcon.colcon_core.environment:checking '/mnt/d/IMAV_2017_Virtual_Challenge/install/imav_2017/lib'
[18.997s] Level 1:colcon.colcon_core.environment:checking '/mnt/d/IMAV_2017_Virtual_Challenge/install/imav_2017/bin'
[19.004s] Level 1:colcon.colcon_core.environment:checking '/mnt/d/IMAV_2017_Virtual_Challenge/install/imav_2017/lib/pkgconfig/imav_2017.pc'
[19.015s] Level 1:colcon.colcon_core.environment:checking '/mnt/d/IMAV_2017_Virtual_Challenge/install/imav_2017/lib/python3.10/site-packages'
[19.027s] Level 1:colcon.colcon_core.environment:checking '/mnt/d/IMAV_2017_Virtual_Challenge/install/imav_2017/bin'
[19.036s] INFO:colcon.colcon_core.shell:Creating package script '/mnt/d/IMAV_2017_Virtual_Challenge/install/imav_2017/share/imav_2017/package.ps1'
[19.105s] INFO:colcon.colcon_core.shell:Creating package descriptor '/mnt/d/IMAV_2017_Virtual_Challenge/install/imav_2017/share/imav_2017/package.dsv'
[19.186s] INFO:colcon.colcon_core.shell:Creating package script '/mnt/d/IMAV_2017_Virtual_Challenge/install/imav_2017/share/imav_2017/package.sh'
[19.251s] INFO:colcon.colcon_core.shell:Creating package script '/mnt/d/IMAV_2017_Virtual_Challenge/install/imav_2017/share/imav_2017/package.bash'
[19.317s] INFO:colcon.colcon_core.shell:Creating package script '/mnt/d/IMAV_2017_Virtual_Challenge/install/imav_2017/share/imav_2017/package.zsh'
[19.384s] Level 1:colcon.colcon_core.environment:create_file_with_runtime_dependencies(/mnt/d/IMAV_2017_Virtual_Challenge/install/imav_2017/share/colcon-core/packages/imav_2017)
[19.518s] Level 1:colcon.colcon_core.environment:create_environment_scripts_only(imav_2017)
[19.520s] Level 1:colcon.colcon_core.environment:checking '/mnt/d/IMAV_2017_Virtual_Challenge/install/imav_2017' for CMake module files
[20.124s] Level 1:colcon.colcon_core.environment:checking '/mnt/d/IMAV_2017_Virtual_Challenge/install/imav_2017' for CMake config files
[20.653s] Level 1:colcon.colcon_core.shell:create_environment_hook('imav_2017', 'cmake_prefix_path')
[20.655s] INFO:colcon.colcon_core.shell:Creating environment hook '/mnt/d/IMAV_2017_Virtual_Challenge/install/imav_2017/share/imav_2017/hook/cmake_prefix_path.ps1'
[20.730s] INFO:colcon.colcon_core.shell:Creating environment descriptor '/mnt/d/IMAV_2017_Virtual_Challenge/install/imav_2017/share/imav_2017/hook/cmake_prefix_path.dsv'
[20.808s] INFO:colcon.colcon_core.shell:Creating environment hook '/mnt/d/IMAV_2017_Virtual_Challenge/install/imav_2017/share/imav_2017/hook/cmake_prefix_path.sh'
[20.898s] Level 1:colcon.colcon_core.environment:checking '/mnt/d/IMAV_2017_Virtual_Challenge/install/imav_2017/lib'
[20.920s] Level 1:colcon.colcon_core.environment:checking '/mnt/d/IMAV_2017_Virtual_Challenge/install/imav_2017/bin'
[20.927s] Level 1:colcon.colcon_core.environment:checking '/mnt/d/IMAV_2017_Virtual_Challenge/install/imav_2017/lib/pkgconfig/imav_2017.pc'
[20.937s] Level 1:colcon.colcon_core.environment:checking '/mnt/d/IMAV_2017_Virtual_Challenge/install/imav_2017/lib/python3.10/site-packages'
[20.947s] Level 1:colcon.colcon_core.environment:checking '/mnt/d/IMAV_2017_Virtual_Challenge/install/imav_2017/bin'
[20.955s] INFO:colcon.colcon_core.shell:Creating package script '/mnt/d/IMAV_2017_Virtual_Challenge/install/imav_2017/share/imav_2017/package.ps1'
[21.027s] INFO:colcon.colcon_core.shell:Creating package descriptor '/mnt/d/IMAV_2017_Virtual_Challenge/install/imav_2017/share/imav_2017/package.dsv'
[21.091s] INFO:colcon.colcon_core.shell:Creating package script '/mnt/d/IMAV_2017_Virtual_Challenge/install/imav_2017/share/imav_2017/package.sh'
[21.152s] INFO:colcon.colcon_core.shell:Creating package script '/mnt/d/IMAV_2017_Virtual_Challenge/install/imav_2017/share/imav_2017/package.bash'
[21.213s] INFO:colcon.colcon_core.shell:Creating package script '/mnt/d/IMAV_2017_Virtual_Challenge/install/imav_2017/share/imav_2017/package.zsh'
[21.274s] Level 1:colcon.colcon_core.environment:create_file_with_runtime_dependencies(/mnt/d/IMAV_2017_Virtual_Challenge/install/imav_2017/share/colcon-core/packages/imav_2017)
[21.320s] DEBUG:colcon.colcon_parallel_executor.executor.parallel:closing loop
[21.322s] DEBUG:colcon.colcon_parallel_executor.executor.parallel:loop closed
[21.323s] DEBUG:colcon.colcon_parallel_executor.executor.parallel:run_until_complete finished with '0'
[21.324s] DEBUG:colcon.colcon_core.event_reactor:joining thread
[21.951s] INFO:colcon.colcon_core.plugin_system:Skipping extension 'colcon_notification.desktop_notification.notify_send': Could not find 'notify-send'
[21.953s] INFO:colcon.colcon_core.plugin_system:Skipping extension 'colcon_notification.desktop_notification.terminal_notifier': Not used on non-Darwin systems
[21.954s] INFO:colcon.colcon_core.plugin_system:Skipping extension 'colcon_notification.desktop_notification.win32': Not used on non-Windows systems
[21.955s] INFO:colcon.colcon_notification.desktop_notification:Sending desktop notification using 'notify2'
[21.956s] DEBUG:colcon.colcon_notification.desktop_notification.notify2:Failed to initialize notify2: org.freedesktop.DBus.Error.FileNotFound: Failed to connect to socket /run/user/1000/bus: No such file or directory
[21.958s] DEBUG:colcon.colcon_core.event_reactor:joined thread
[21.960s] INFO:colcon.colcon_core.shell:Creating prefix script '/mnt/d/IMAV_2017_Virtual_Challenge/install/local_setup.ps1'
[21.989s] INFO:colcon.colcon_core.shell:Creating prefix util module '/mnt/d/IMAV_2017_Virtual_Challenge/install/_local_setup_util_ps1.py'
[22.025s] INFO:colcon.colcon_core.shell:Creating prefix chain script '/mnt/d/IMAV_2017_Virtual_Challenge/install/setup.ps1'
[22.054s] INFO:colcon.colcon_core.shell:Creating prefix script '/mnt/d/IMAV_2017_Virtual_Challenge/install/local_setup.sh'
[22.081s] INFO:colcon.colcon_core.shell:Creating prefix util module '/mnt/d/IMAV_2017_Virtual_Challenge/install/_local_setup_util_sh.py'
[22.109s] INFO:colcon.colcon_core.shell:Creating prefix chain script '/mnt/d/IMAV_2017_Virtual_Challenge/install/setup.sh'
[22.138s] INFO:colcon.colcon_core.shell:Creating prefix script '/mnt/d/IMAV_2017_Virtual_Challenge/install/local_setup.bash'
[22.166s] INFO:colcon.colcon_core.shell:Creating prefix chain script '/mnt/d/IMAV_2017_Virtual_Challenge/install/setup.bash'
[22.195s] INFO:colcon.colcon_core.shell:Creating prefix script '/mnt/d/IMAV_2017_Virtual_Challenge/install/local_setup.zsh'
[22.223s] INFO:colcon.colcon_core.shell:Creating prefix chain script '/mnt/d/IMAV_2017_Virtual_Challenge/install/setup.zsh'
