[0.253s] Invoking command in '/mnt/d/IMAV_2017_Virtual_Challenge/build/imav_2017': CMAKE_PREFIX_PATH=/opt/ros/humble /usr/bin/cmake --build /mnt/d/IMAV_2017_Virtual_Challenge/build/imav_2017 -- -j16 -l16
[0.717s] Invoked command in '/mnt/d/IMAV_2017_Virtual_Challenge/build/imav_2017' returned '0': CMAKE_PREFIX_PATH=/opt/ros/humble /usr/bin/cmake --build /mnt/d/IMAV_2017_Virtual_Challenge/build/imav_2017 -- -j16 -l16
[0.872s] Invoking command in '/mnt/d/IMAV_2017_Virtual_Challenge/build/imav_2017': CMAKE_PREFIX_PATH=/opt/ros/humble /usr/bin/cmake --install /mnt/d/IMAV_2017_Virtual_Challenge/build/imav_2017
[0.923s] -- Install configuration: ""
[0.976s] -- Execute custom install script
[1.177s] -- Up-to-date symlink: /mnt/d/IMAV_2017_Virtual_Challenge/install/imav_2017/share/imav_2017//launch/imav_indoor.launch
[1.301s] -- Up-to-date symlink: /mnt/d/IMAV_2017_Virtual_Challenge/install/imav_2017/share/imav_2017//launch/imav_indoor.py
[1.426s] -- Up-to-date symlink: /mnt/d/IMAV_2017_Virtual_Challenge/install/imav_2017/share/imav_2017//launch/spawn_quadrotor.launch
[1.556s] -- Up-to-date symlink: /mnt/d/IMAV_2017_Virtual_Challenge/install/imav_2017/share/imav_2017//launch/spawn_quadrotor.py
[1.831s] -- Up-to-date symlink: /mnt/d/IMAV_2017_Virtual_Challenge/install/imav_2017/share/imav_2017//urdf/quadrotor.urdf.xacro
[1.963s] -- Up-to-date symlink: /mnt/d/IMAV_2017_Virtual_Challenge/install/imav_2017/share/imav_2017//urdf/quadrotor_base.urdf.xacro
[2.082s] -- Up-to-date symlink: /mnt/d/IMAV_2017_Virtual_Challenge/install/imav_2017/share/imav_2017//urdf/quadrotor_simple_controller.urdf.xacro
[2.253s] -- Up-to-date symlink: /mnt/d/IMAV_2017_Virtual_Challenge/install/imav_2017/share/imav_2017//urdf/sensors/generic_camera.urdf.xacro
[2.406s] -- Up-to-date symlink: /mnt/d/IMAV_2017_Virtual_Challenge/install/imav_2017/share/imav_2017//urdf/sensors/hokuyo_utm30lx.urdf.xacro
[2.581s] -- Up-to-date symlink: /mnt/d/IMAV_2017_Virtual_Challenge/install/imav_2017/share/imav_2017//urdf/sensors/quadrotor_sensors.urdf.xacro
[2.753s] -- Up-to-date symlink: /mnt/d/IMAV_2017_Virtual_Challenge/install/imav_2017/share/imav_2017//urdf/sensors/sonar_sensor.urdf.xacro
[2.880s] -- Up-to-date symlink: /mnt/d/IMAV_2017_Virtual_Challenge/install/imav_2017/share/imav_2017//urdf/spawnrobot.sh
[3.304s] -- Up-to-date symlink: /mnt/d/IMAV_2017_Virtual_Challenge/install/imav_2017/share/imav_2017//worlds/ardrone_testworld.world
[3.435s] -- Up-to-date symlink: /mnt/d/IMAV_2017_Virtual_Challenge/install/imav_2017/share/imav_2017//worlds/imav_indoor.world
[3.602s] -- Up-to-date symlink: /mnt/d/IMAV_2017_Virtual_Challenge/install/imav_2017/share/imav_2017//worlds/xacro/custom.material
[3.769s] -- Up-to-date symlink: /mnt/d/IMAV_2017_Virtual_Challenge/install/imav_2017/share/imav_2017//worlds/xacro/helipad1.jpg
[3.932s] -- Up-to-date symlink: /mnt/d/IMAV_2017_Virtual_Challenge/install/imav_2017/share/imav_2017//worlds/xacro/imav2017_logo_cfp.png
[4.095s] -- Up-to-date symlink: /mnt/d/IMAV_2017_Virtual_Challenge/install/imav_2017/share/imav_2017//worlds/xacro/imav_indoor.world.xacro
[4.256s] -- Up-to-date symlink: /mnt/d/IMAV_2017_Virtual_Challenge/install/imav_2017/share/imav_2017//worlds/xacro/macros.urdf.xacro
[4.426s] -- Up-to-date symlink: /mnt/d/IMAV_2017_Virtual_Challenge/install/imav_2017/share/imav_2017//worlds/xacro/mathworks_logo1.png
[4.592s] -- Up-to-date symlink: /mnt/d/IMAV_2017_Virtual_Challenge/install/imav_2017/share/imav_2017//worlds/xacro/mathworks_logo2.jpg
[4.759s] -- Up-to-date symlink: /mnt/d/IMAV_2017_Virtual_Challenge/install/imav_2017/share/imav_2017//worlds/xacro/qrcode_text.png
[4.926s] -- Up-to-date symlink: /mnt/d/IMAV_2017_Virtual_Challenge/install/imav_2017/share/imav_2017//worlds/xacro/qrcode_url.png
[5.088s] -- Up-to-date symlink: /mnt/d/IMAV_2017_Virtual_Challenge/install/imav_2017/share/imav_2017//worlds/xacro/tree1.dae
[5.254s] -- Up-to-date symlink: /mnt/d/IMAV_2017_Virtual_Challenge/install/imav_2017/share/imav_2017//worlds/xacro/tree1.obj
[5.422s] -- Up-to-date symlink: /mnt/d/IMAV_2017_Virtual_Challenge/install/imav_2017/share/imav_2017//worlds/xacro/wall.dae
[5.590s] -- Up-to-date symlink: /mnt/d/IMAV_2017_Virtual_Challenge/install/imav_2017/share/imav_2017//worlds/xacro/x1.jpg
[5.770s] -- Up-to-date symlink: /mnt/d/IMAV_2017_Virtual_Challenge/install/imav_2017/share/imav_2017//worlds/xacro/x1.png
[6.652s] -- Up-to-date symlink: /mnt/d/IMAV_2017_Virtual_Challenge/install/imav_2017/share/imav_2017//meshes/hokuyo_utm30lx/blender/hokuyo_utm30lx.blend
[6.817s] -- Up-to-date symlink: /mnt/d/IMAV_2017_Virtual_Challenge/install/imav_2017/share/imav_2017//meshes/hokuyo_utm30lx/hokuyo_utm_30lx.dae
[6.985s] -- Up-to-date symlink: /mnt/d/IMAV_2017_Virtual_Challenge/install/imav_2017/share/imav_2017//meshes/hokuyo_utm30lx/hokuyo_utm_30lx.stl
[7.153s] -- Up-to-date symlink: /mnt/d/IMAV_2017_Virtual_Challenge/install/imav_2017/share/imav_2017//meshes/hokuyo_utm30lx/hokuyo_utm_30lxTEST_SELF_FILTER.dae
[7.318s] -- Up-to-date symlink: /mnt/d/IMAV_2017_Virtual_Challenge/install/imav_2017/share/imav_2017//meshes/kinect_camera/kinect_camera_simple.dae
[7.486s] -- Up-to-date symlink: /mnt/d/IMAV_2017_Virtual_Challenge/install/imav_2017/share/imav_2017//meshes/kinect_camera/kinect_camera_simple.stl
[7.695s] -- Up-to-date symlink: /mnt/d/IMAV_2017_Virtual_Challenge/install/imav_2017/share/imav_2017//meshes/quadrotor/blender/quadrotor_2.blend
[7.909s] -- Up-to-date symlink: /mnt/d/IMAV_2017_Virtual_Challenge/install/imav_2017/share/imav_2017//meshes/quadrotor/blender/quadrotor_2.blend1
[8.121s] -- Up-to-date symlink: /mnt/d/IMAV_2017_Virtual_Challenge/install/imav_2017/share/imav_2017//meshes/quadrotor/blender/quadrotor_3.blend1
[8.334s] -- Up-to-date symlink: /mnt/d/IMAV_2017_Virtual_Challenge/install/imav_2017/share/imav_2017//meshes/quadrotor/blender/quadrotor_CAD.blend
[8.532s] -- Up-to-date symlink: /mnt/d/IMAV_2017_Virtual_Challenge/install/imav_2017/share/imav_2017//meshes/quadrotor/blender/quadrotor_CAD2.blend
[8.748s] -- Up-to-date symlink: /mnt/d/IMAV_2017_Virtual_Challenge/install/imav_2017/share/imav_2017//meshes/quadrotor/blender/quadrotor_CAD2.blend1
[8.965s] -- Up-to-date symlink: /mnt/d/IMAV_2017_Virtual_Challenge/install/imav_2017/share/imav_2017//meshes/quadrotor/blender/quadrotor_CAD2.blend2
[9.180s] -- Up-to-date symlink: /mnt/d/IMAV_2017_Virtual_Challenge/install/imav_2017/share/imav_2017//meshes/quadrotor/blender/quadrotor_base.blend
[9.348s] -- Up-to-date symlink: /mnt/d/IMAV_2017_Virtual_Challenge/install/imav_2017/share/imav_2017//meshes/quadrotor/quadrotor_2.dae
[9.512s] -- Up-to-date symlink: /mnt/d/IMAV_2017_Virtual_Challenge/install/imav_2017/share/imav_2017//meshes/quadrotor/quadrotor_2.stl
[9.679s] -- Up-to-date symlink: /mnt/d/IMAV_2017_Virtual_Challenge/install/imav_2017/share/imav_2017//meshes/quadrotor/quadrotor_3.dae
[9.842s] -- Up-to-date symlink: /mnt/d/IMAV_2017_Virtual_Challenge/install/imav_2017/share/imav_2017//meshes/quadrotor/quadrotor_3.stl
[10.010s] -- Up-to-date symlink: /mnt/d/IMAV_2017_Virtual_Challenge/install/imav_2017/share/imav_2017//meshes/quadrotor/quadrotor_4.dae
[10.180s] -- Up-to-date symlink: /mnt/d/IMAV_2017_Virtual_Challenge/install/imav_2017/share/imav_2017//meshes/quadrotor/quadrotor_4.stl
[10.348s] -- Up-to-date symlink: /mnt/d/IMAV_2017_Virtual_Challenge/install/imav_2017/share/imav_2017//meshes/quadrotor/quadrotor_base.dae
[10.514s] -- Up-to-date symlink: /mnt/d/IMAV_2017_Virtual_Challenge/install/imav_2017/share/imav_2017//meshes/quadrotor/quadrotor_base.stl
[10.710s] -- Up-to-date symlink: /mnt/d/IMAV_2017_Virtual_Challenge/install/imav_2017/share/imav_2017//meshes/sonar_sensor/blender/max_sonar_ez4.blend
[10.871s] -- Up-to-date symlink: /mnt/d/IMAV_2017_Virtual_Challenge/install/imav_2017/share/imav_2017//meshes/sonar_sensor/max_sonar_ez4.dae
[11.045s] -- Up-to-date symlink: /mnt/d/IMAV_2017_Virtual_Challenge/install/imav_2017/share/imav_2017//meshes/thermaleye_camera/thermaleye_camera_hector_v1.dae
[11.219s] -- Up-to-date symlink: /mnt/d/IMAV_2017_Virtual_Challenge/install/imav_2017/share/imav_2017//meshes/thermaleye_camera/thermaleye_camera_hector_v1.stl
[11.393s] -- Up-to-date symlink: /mnt/d/IMAV_2017_Virtual_Challenge/install/imav_2017/share/imav_2017//meshes/thermaleye_camera/thermaleye_camera_hector_v2.dae
[11.567s] -- Up-to-date symlink: /mnt/d/IMAV_2017_Virtual_Challenge/install/imav_2017/share/imav_2017//meshes/thermaleye_camera/thermaleye_camera_hector_v2.stl
[11.677s] -- Up-to-date symlink: /mnt/d/IMAV_2017_Virtual_Challenge/install/imav_2017/lib/imav_2017/ps2cmd_vel.py
[11.936s] -- Up-to-date symlink: /mnt/d/IMAV_2017_Virtual_Challenge/install/imav_2017/share/ament_index/resource_index/package_run_dependencies/imav_2017
[12.208s] -- Up-to-date symlink: /mnt/d/IMAV_2017_Virtual_Challenge/install/imav_2017/share/ament_index/resource_index/parent_prefix_path/imav_2017
[12.319s] -- Up-to-date symlink: /mnt/d/IMAV_2017_Virtual_Challenge/install/imav_2017/share/imav_2017/environment/ament_prefix_path.sh
[12.450s] -- Up-to-date symlink: /mnt/d/IMAV_2017_Virtual_Challenge/install/imav_2017/share/imav_2017/environment/ament_prefix_path.dsv
[12.563s] -- Up-to-date symlink: /mnt/d/IMAV_2017_Virtual_Challenge/install/imav_2017/share/imav_2017/environment/path.sh
[12.697s] -- Up-to-date symlink: /mnt/d/IMAV_2017_Virtual_Challenge/install/imav_2017/share/imav_2017/environment/path.dsv
[12.811s] -- Up-to-date symlink: /mnt/d/IMAV_2017_Virtual_Challenge/install/imav_2017/share/imav_2017/local_setup.bash
[12.921s] -- Up-to-date symlink: /mnt/d/IMAV_2017_Virtual_Challenge/install/imav_2017/share/imav_2017/local_setup.sh
[13.032s] -- Up-to-date symlink: /mnt/d/IMAV_2017_Virtual_Challenge/install/imav_2017/share/imav_2017/local_setup.zsh
[13.143s] -- Up-to-date symlink: /mnt/d/IMAV_2017_Virtual_Challenge/install/imav_2017/share/imav_2017/local_setup.dsv
[13.196s] -- Symlinking: /mnt/d/IMAV_2017_Virtual_Challenge/install/imav_2017/share/imav_2017/package.dsv
[13.619s] -- Up-to-date symlink: /mnt/d/IMAV_2017_Virtual_Challenge/install/imav_2017/share/ament_index/resource_index/packages/imav_2017
[13.754s] -- Up-to-date symlink: /mnt/d/IMAV_2017_Virtual_Challenge/install/imav_2017/share/imav_2017/cmake/imav_2017Config.cmake
[13.880s] -- Up-to-date symlink: /mnt/d/IMAV_2017_Virtual_Challenge/install/imav_2017/share/imav_2017/cmake/imav_2017Config-version.cmake
[13.980s] -- Up-to-date symlink: /mnt/d/IMAV_2017_Virtual_Challenge/install/imav_2017/share/imav_2017/package.xml
[14.004s] Invoked command in '/mnt/d/IMAV_2017_Virtual_Challenge/build/imav_2017' returned '0': CMAKE_PREFIX_PATH=/opt/ros/humble /usr/bin/cmake --install /mnt/d/IMAV_2017_Virtual_Challenge/build/imav_2017
