[1.487s] DEBUG:colcon:Command line arguments: ['/usr/bin/colcon', 'build', '--symlink-install']
[1.489s] DEBUG:colcon:Parsed command line arguments: Namespace(log_base=None, log_level=None, verb_name='build', build_base='build', install_base='install', merge_install=False, symlink_install=True, test_result_base=None, continue_on_error=False, executor='parallel', parallel_workers=16, event_handlers=None, ignore_user_meta=False, metas=['./colcon.meta'], base_paths=['.'], packages_ignore=None, packages_ignore_regex=None, paths=None, packages_up_to=None, packages_up_to_regex=None, packages_above=None, packages_above_and_dependencies=None, packages_above_depth=None, packages_select_by_dep=None, packages_skip_by_dep=None, packages_skip_up_to=None, packages_select_build_failed=False, packages_skip_build_finished=False, packages_select_test_failures=False, packages_skip_test_passed=False, packages_select=None, packages_skip=None, packages_select_regex=None, packages_skip_regex=None, packages_start=None, packages_end=None, allow_overriding=[], cmake_args=None, cmake_target=None, cmake_target_skip_unavailable=False, cmake_clean_cache=False, cmake_clean_first=False, cmake_force_configure=False, ament_cmake_args=None, catkin_cmake_args=None, catkin_skip_building_tests=False, verb_parser=<colcon_defaults.argument_parser.defaults.DefaultArgumentsDecorator object at 0x740a811723b0>, verb_extension=<colcon_core.verb.build.BuildVerb object at 0x740a81171570>, main=<bound method BuildVerb.main of <colcon_core.verb.build.BuildVerb object at 0x740a81171570>>)
[1.775s] Level 1:colcon.colcon_core.package_discovery:discover_packages(colcon_meta) check parameters
[1.777s] Level 1:colcon.colcon_core.package_discovery:discover_packages(recursive) check parameters
[1.778s] Level 1:colcon.colcon_core.package_discovery:discover_packages(ignore) check parameters
[1.778s] Level 1:colcon.colcon_core.package_discovery:discover_packages(path) check parameters
[1.779s] Level 1:colcon.colcon_core.package_discovery:discover_packages(colcon_meta) discover
[1.780s] Level 1:colcon.colcon_core.package_discovery:discover_packages(recursive) discover
[1.781s] INFO:colcon.colcon_core.package_discovery:Crawling recursively for packages in '/mnt/d/IMAV_2017_Virtual_Challenge'
[1.791s] Level 1:colcon.colcon_core.package_identification:_identify(.) by extensions ['ignore', 'ignore_ament_install']
[1.792s] Level 1:colcon.colcon_core.package_identification:_identify(.) by extension 'ignore'
[1.794s] Level 1:colcon.colcon_core.package_identification:_identify(.) by extension 'ignore_ament_install'
[1.797s] Level 1:colcon.colcon_core.package_identification:_identify(.) by extensions ['colcon_pkg']
[1.798s] Level 1:colcon.colcon_core.package_identification:_identify(.) by extension 'colcon_pkg'
[1.799s] Level 1:colcon.colcon_core.package_identification:_identify(.) by extensions ['colcon_meta']
[1.800s] Level 1:colcon.colcon_core.package_identification:_identify(.) by extension 'colcon_meta'
[1.801s] Level 1:colcon.colcon_core.package_identification:_identify(.) by extensions ['ros']
[1.802s] Level 1:colcon.colcon_core.package_identification:_identify(.) by extension 'ros'
[1.849s] DEBUG:colcon.colcon_core.package_identification:Package '.' with type 'ros.ament_cmake' and name 'imav_2017'
[1.850s] Level 1:colcon.colcon_core.package_discovery:discover_packages(recursive) using defaults
[1.851s] Level 1:colcon.colcon_core.package_discovery:discover_packages(ignore) discover
[1.851s] Level 1:colcon.colcon_core.package_discovery:discover_packages(ignore) using defaults
[1.852s] Level 1:colcon.colcon_core.package_discovery:discover_packages(path) discover
[1.853s] Level 1:colcon.colcon_core.package_discovery:discover_packages(path) using defaults
[1.943s] Level 1:colcon.colcon_core.package_discovery:discover_packages(prefix_path) check parameters
[1.944s] Level 1:colcon.colcon_core.package_discovery:discover_packages(prefix_path) discover
[1.954s] DEBUG:colcon.colcon_installed_package_information.package_discovery:Found 295 installed packages in /opt/ros/humble
[1.960s] Level 1:colcon.colcon_core.package_discovery:discover_packages(prefix_path) using defaults
[2.123s] Level 5:colcon.colcon_core.verb:set package 'imav_2017' build argument 'cmake_args' from command line to 'None'
[2.124s] Level 5:colcon.colcon_core.verb:set package 'imav_2017' build argument 'cmake_target' from command line to 'None'
[2.126s] Level 5:colcon.colcon_core.verb:set package 'imav_2017' build argument 'cmake_target_skip_unavailable' from command line to 'False'
[2.127s] Level 5:colcon.colcon_core.verb:set package 'imav_2017' build argument 'cmake_clean_cache' from command line to 'False'
[2.128s] Level 5:colcon.colcon_core.verb:set package 'imav_2017' build argument 'cmake_clean_first' from command line to 'False'
[2.129s] Level 5:colcon.colcon_core.verb:set package 'imav_2017' build argument 'cmake_force_configure' from command line to 'False'
[2.129s] Level 5:colcon.colcon_core.verb:set package 'imav_2017' build argument 'ament_cmake_args' from command line to 'None'
[2.130s] Level 5:colcon.colcon_core.verb:set package 'imav_2017' build argument 'catkin_cmake_args' from command line to 'None'
[2.131s] Level 5:colcon.colcon_core.verb:set package 'imav_2017' build argument 'catkin_skip_building_tests' from command line to 'False'
[2.132s] DEBUG:colcon.colcon_core.verb:Building package 'imav_2017' with the following arguments: {'ament_cmake_args': None, 'build_base': '/mnt/d/IMAV_2017_Virtual_Challenge/build/imav_2017', 'catkin_cmake_args': None, 'catkin_skip_building_tests': False, 'cmake_args': None, 'cmake_clean_cache': False, 'cmake_clean_first': False, 'cmake_force_configure': False, 'cmake_target': None, 'cmake_target_skip_unavailable': False, 'install_base': '/mnt/d/IMAV_2017_Virtual_Challenge/install/imav_2017', 'merge_install': False, 'path': '/mnt/d/IMAV_2017_Virtual_Challenge', 'symlink_install': True, 'test_result_base': None}
[2.133s] INFO:colcon.colcon_core.executor:Executing jobs using 'parallel' executor
[2.138s] DEBUG:colcon.colcon_parallel_executor.executor.parallel:run_until_complete
[2.140s] INFO:colcon.colcon_ros.task.ament_cmake.build:Building ROS package in '/mnt/d/IMAV_2017_Virtual_Challenge' with build type 'ament_cmake'
[2.142s] INFO:colcon.colcon_cmake.task.cmake.build:Building CMake package in '/mnt/d/IMAV_2017_Virtual_Challenge'
[2.158s] INFO:colcon.colcon_core.plugin_system:Skipping extension 'colcon_core.shell.bat': Not used on non-Windows systems
[2.160s] INFO:colcon.colcon_core.shell:Skip shell extension 'powershell' for command environment: Not usable outside of PowerShell
[2.161s] DEBUG:colcon.colcon_core.shell:Skip shell extension 'dsv' for command environment
[2.397s] DEBUG:colcon.colcon_core.event_handler.log_command:Invoking command in '/mnt/d/IMAV_2017_Virtual_Challenge/build/imav_2017': CMAKE_PREFIX_PATH=/opt/ros/humble /usr/bin/cmake --build /mnt/d/IMAV_2017_Virtual_Challenge/build/imav_2017 -- -j16 -l16
[2.816s] DEBUG:colcon.colcon_core.event_handler.log_command:Invoked command in '/mnt/d/IMAV_2017_Virtual_Challenge/build/imav_2017' returned '0': CMAKE_PREFIX_PATH=/opt/ros/humble /usr/bin/cmake --build /mnt/d/IMAV_2017_Virtual_Challenge/build/imav_2017 -- -j16 -l16
[2.939s] DEBUG:colcon.colcon_core.event_handler.log_command:Invoking command in '/mnt/d/IMAV_2017_Virtual_Challenge/build/imav_2017': CMAKE_PREFIX_PATH=/opt/ros/humble /usr/bin/cmake --install /mnt/d/IMAV_2017_Virtual_Challenge/build/imav_2017
[14.401s] Level 1:colcon.colcon_core.environment:create_environment_scripts_only(imav_2017)
[14.408s] DEBUG:colcon.colcon_core.event_handler.log_command:Invoked command in '/mnt/d/IMAV_2017_Virtual_Challenge/build/imav_2017' returned '0': CMAKE_PREFIX_PATH=/opt/ros/humble /usr/bin/cmake --install /mnt/d/IMAV_2017_Virtual_Challenge/build/imav_2017
[14.423s] Level 1:colcon.colcon_core.environment:checking '/mnt/d/IMAV_2017_Virtual_Challenge/install/imav_2017' for CMake module files
[15.127s] Level 1:colcon.colcon_core.environment:checking '/mnt/d/IMAV_2017_Virtual_Challenge/install/imav_2017' for CMake config files
[15.756s] Level 1:colcon.colcon_core.shell:create_environment_hook('imav_2017', 'cmake_prefix_path')
[15.759s] INFO:colcon.colcon_core.shell:Creating environment hook '/mnt/d/IMAV_2017_Virtual_Challenge/install/imav_2017/share/imav_2017/hook/cmake_prefix_path.ps1'
[15.851s] INFO:colcon.colcon_core.shell:Creating environment descriptor '/mnt/d/IMAV_2017_Virtual_Challenge/install/imav_2017/share/imav_2017/hook/cmake_prefix_path.dsv'
[15.938s] INFO:colcon.colcon_core.shell:Creating environment hook '/mnt/d/IMAV_2017_Virtual_Challenge/install/imav_2017/share/imav_2017/hook/cmake_prefix_path.sh'
[16.042s] Level 1:colcon.colcon_core.environment:checking '/mnt/d/IMAV_2017_Virtual_Challenge/install/imav_2017/lib'
[16.069s] Level 1:colcon.colcon_core.environment:checking '/mnt/d/IMAV_2017_Virtual_Challenge/install/imav_2017/bin'
[16.077s] Level 1:colcon.colcon_core.environment:checking '/mnt/d/IMAV_2017_Virtual_Challenge/install/imav_2017/lib/pkgconfig/imav_2017.pc'
[16.088s] Level 1:colcon.colcon_core.environment:checking '/mnt/d/IMAV_2017_Virtual_Challenge/install/imav_2017/lib/python3.10/site-packages'
[16.100s] Level 1:colcon.colcon_core.environment:checking '/mnt/d/IMAV_2017_Virtual_Challenge/install/imav_2017/bin'
[16.109s] INFO:colcon.colcon_core.shell:Creating package script '/mnt/d/IMAV_2017_Virtual_Challenge/install/imav_2017/share/imav_2017/package.ps1'
[16.180s] INFO:colcon.colcon_core.shell:Creating package descriptor '/mnt/d/IMAV_2017_Virtual_Challenge/install/imav_2017/share/imav_2017/package.dsv'
[16.277s] INFO:colcon.colcon_core.shell:Creating package script '/mnt/d/IMAV_2017_Virtual_Challenge/install/imav_2017/share/imav_2017/package.sh'
[16.359s] INFO:colcon.colcon_core.shell:Creating package script '/mnt/d/IMAV_2017_Virtual_Challenge/install/imav_2017/share/imav_2017/package.bash'
[16.447s] INFO:colcon.colcon_core.shell:Creating package script '/mnt/d/IMAV_2017_Virtual_Challenge/install/imav_2017/share/imav_2017/package.zsh'
[16.540s] Level 1:colcon.colcon_core.environment:create_file_with_runtime_dependencies(/mnt/d/IMAV_2017_Virtual_Challenge/install/imav_2017/share/colcon-core/packages/imav_2017)
[16.714s] Level 1:colcon.colcon_core.environment:create_environment_scripts_only(imav_2017)
[16.717s] Level 1:colcon.colcon_core.environment:checking '/mnt/d/IMAV_2017_Virtual_Challenge/install/imav_2017' for CMake module files
[17.346s] Level 1:colcon.colcon_core.environment:checking '/mnt/d/IMAV_2017_Virtual_Challenge/install/imav_2017' for CMake config files
[17.950s] Level 1:colcon.colcon_core.shell:create_environment_hook('imav_2017', 'cmake_prefix_path')
[17.953s] INFO:colcon.colcon_core.shell:Creating environment hook '/mnt/d/IMAV_2017_Virtual_Challenge/install/imav_2017/share/imav_2017/hook/cmake_prefix_path.ps1'
[18.039s] INFO:colcon.colcon_core.shell:Creating environment descriptor '/mnt/d/IMAV_2017_Virtual_Challenge/install/imav_2017/share/imav_2017/hook/cmake_prefix_path.dsv'
[18.125s] INFO:colcon.colcon_core.shell:Creating environment hook '/mnt/d/IMAV_2017_Virtual_Challenge/install/imav_2017/share/imav_2017/hook/cmake_prefix_path.sh'
[18.225s] Level 1:colcon.colcon_core.environment:checking '/mnt/d/IMAV_2017_Virtual_Challenge/install/imav_2017/lib'
[18.250s] Level 1:colcon.colcon_core.environment:checking '/mnt/d/IMAV_2017_Virtual_Challenge/install/imav_2017/bin'
[18.257s] Level 1:colcon.colcon_core.environment:checking '/mnt/d/IMAV_2017_Virtual_Challenge/install/imav_2017/lib/pkgconfig/imav_2017.pc'
[18.268s] Level 1:colcon.colcon_core.environment:checking '/mnt/d/IMAV_2017_Virtual_Challenge/install/imav_2017/lib/python3.10/site-packages'
[18.280s] Level 1:colcon.colcon_core.environment:checking '/mnt/d/IMAV_2017_Virtual_Challenge/install/imav_2017/bin'
[18.289s] INFO:colcon.colcon_core.shell:Creating package script '/mnt/d/IMAV_2017_Virtual_Challenge/install/imav_2017/share/imav_2017/package.ps1'
[18.368s] INFO:colcon.colcon_core.shell:Creating package descriptor '/mnt/d/IMAV_2017_Virtual_Challenge/install/imav_2017/share/imav_2017/package.dsv'
[18.441s] INFO:colcon.colcon_core.shell:Creating package script '/mnt/d/IMAV_2017_Virtual_Challenge/install/imav_2017/share/imav_2017/package.sh'
[18.520s] INFO:colcon.colcon_core.shell:Creating package script '/mnt/d/IMAV_2017_Virtual_Challenge/install/imav_2017/share/imav_2017/package.bash'
[18.601s] INFO:colcon.colcon_core.shell:Creating package script '/mnt/d/IMAV_2017_Virtual_Challenge/install/imav_2017/share/imav_2017/package.zsh'
[18.690s] Level 1:colcon.colcon_core.environment:create_file_with_runtime_dependencies(/mnt/d/IMAV_2017_Virtual_Challenge/install/imav_2017/share/colcon-core/packages/imav_2017)
[18.754s] DEBUG:colcon.colcon_parallel_executor.executor.parallel:closing loop
[18.756s] DEBUG:colcon.colcon_parallel_executor.executor.parallel:loop closed
[18.757s] DEBUG:colcon.colcon_parallel_executor.executor.parallel:run_until_complete finished with '0'
[18.758s] DEBUG:colcon.colcon_core.event_reactor:joining thread
[19.476s] INFO:colcon.colcon_core.plugin_system:Skipping extension 'colcon_notification.desktop_notification.notify_send': Could not find 'notify-send'
[19.478s] INFO:colcon.colcon_core.plugin_system:Skipping extension 'colcon_notification.desktop_notification.terminal_notifier': Not used on non-Darwin systems
[19.479s] INFO:colcon.colcon_core.plugin_system:Skipping extension 'colcon_notification.desktop_notification.win32': Not used on non-Windows systems
[19.481s] INFO:colcon.colcon_notification.desktop_notification:Sending desktop notification using 'notify2'
[19.483s] DEBUG:colcon.colcon_notification.desktop_notification.notify2:Failed to initialize notify2: org.freedesktop.DBus.Error.FileNotFound: Failed to connect to socket /run/user/1000/bus: No such file or directory
[19.485s] DEBUG:colcon.colcon_core.event_reactor:joined thread
[19.488s] INFO:colcon.colcon_core.shell:Creating prefix script '/mnt/d/IMAV_2017_Virtual_Challenge/install/local_setup.ps1'
[19.525s] INFO:colcon.colcon_core.shell:Creating prefix util module '/mnt/d/IMAV_2017_Virtual_Challenge/install/_local_setup_util_ps1.py'
[19.571s] INFO:colcon.colcon_core.shell:Creating prefix chain script '/mnt/d/IMAV_2017_Virtual_Challenge/install/setup.ps1'
[19.608s] INFO:colcon.colcon_core.shell:Creating prefix script '/mnt/d/IMAV_2017_Virtual_Challenge/install/local_setup.sh'
[19.641s] INFO:colcon.colcon_core.shell:Creating prefix util module '/mnt/d/IMAV_2017_Virtual_Challenge/install/_local_setup_util_sh.py'
[19.674s] INFO:colcon.colcon_core.shell:Creating prefix chain script '/mnt/d/IMAV_2017_Virtual_Challenge/install/setup.sh'
[19.708s] INFO:colcon.colcon_core.shell:Creating prefix script '/mnt/d/IMAV_2017_Virtual_Challenge/install/local_setup.bash'
[19.739s] INFO:colcon.colcon_core.shell:Creating prefix chain script '/mnt/d/IMAV_2017_Virtual_Challenge/install/setup.bash'
[19.772s] INFO:colcon.colcon_core.shell:Creating prefix script '/mnt/d/IMAV_2017_Virtual_Challenge/install/local_setup.zsh'
[19.802s] INFO:colcon.colcon_core.shell:Creating prefix chain script '/mnt/d/IMAV_2017_Virtual_Challenge/install/setup.zsh'
